2025-01-23 00:16:59.921 | INFO     | __main__:on_message:232 - SSL Session: 
2025-01-23 00:16:59.924 | INFO     | __main__:on_message:233 - [SSL_write] 192.168.1.106:42980 --> 183.245.148.186:443
2025-01-23 00:16:59.924 | INFO     | __main__:on_message:241 - GET /license/v2/1328344066_1/v_cube.license HTTP/1.1..Accept-Encoding: identity..Connection: close..If-Modified-Since: Fri, 02 Aug 2024 10:18:00 GMT..User-Agent: Dalvik/2.1.0 (Linux; U; Android 10; Pixel 4 Build/QQ3A.200805.001)..Host: license.vod2.myqcloud.com....
2025-01-23 00:16:59.925 | INFO     | __main__:on_message:242 - None
2025-01-23 00:16:59.951 | INFO     | __main__:on_message:232 - SSL Session: 601BDAE45F7AAA551641E93A9CAE844F3CFF16D38D8EF13A505A46290EC6D742
2025-01-23 00:16:59.951 | INFO     | __main__:on_message:233 - [SSL_read] 183.245.148.186:443 --> 192.168.1.106:42980
2025-01-23 00:16:59.951 | INFO     | __main__:on_message:241 - HTTP/1.1 304 Not Modified..Etag: "a74d772afd9f366cc440c0c862c8865f"..Content-Type: application/octet-stream..X-NWS-LOG-UUID: 16605778198267113587..Connection: close..Server: Lego Server..Date: Wed, 22 Jan 2025 16:17:00 GMT..X-Cache-Lookup: Cache Hit..Cache-Control: max-age=0..Access-Control-Allow-Credentials: true..Access-Control-Allow-Headers: Origin,No-Cache,X-Requested-With,If-Modified-Since,Pragma,Last-Modified,Cache-Control,Expires,Content-Type,X_Requested_With..Access-Control-Allow-Methods: GET,POST,OPTIONS..Access-Control-Allow-Origin: *....
2025-01-23 00:16:59.951 | INFO     | __main__:on_message:242 - None
2025-01-23 00:17:08.002 | INFO     | __main__:on_message:232 - SSL Session: 
2025-01-23 00:17:08.003 | INFO     | __main__:on_message:233 - [SSL_write] 192.168.1.106:40622 --> 117.185.255.226:443
2025-01-23 00:17:08.003 | INFO     | __main__:on_message:241 - POST /rainbowapi.configs/getdatas HTTP/1.1..Accept-Encoding: identity..Connection: close..X-Cloud-Accept-Encoding: gzip..X-Cloud-Client-Public-Key: MFkwEwYHKoZIzj0CAQYIKoZIzj0DAQcDQgAEnjSTXaQxSGegtDU3qT8/EXKJcqLn9t3iaqinE5tLhbpUxHf7enFGngckg4PqEgh58yar0WbmmYQNZ+ljVKSBaw==..X-Cloud-Curve-Name: secp256r1..X-Cloud-Server-Public-Key-MD5: LoJ+mwQj/ipqJmg/DOmnEg==..X-Cloud-Cipher-Suite: TLS_ECDH_ECDSA_WITH_AES_256_GCM_SHA384..Content-Type: application/x-www-form-urlencoded..User-Agent: Dalvik/2.1.0 (Linux; U; Android 10; Pixel 4 Build/QQ3A.200805.001)..Host: sdkconfig.tlivedns.com..Content-Length: 395....{"app_id":"a5805c13-46b8-45dc-939a-94f8e01aabc7","client_ids":{"device_manufacture":"","device_model":"Pixel 4","feature_flags_pull_mode":"result","live_appid":"1328344066","os_version":"10","package_name":"com.lywhiwhfex.gajcmibewq","platform":"android","sdk_version":"11.9.0.14445","terminal_type":"android","userid":"01948782116f008cd4aaa25c52ca3a4ad8c2c6efa4134188c779"},"group":"liteavsdk"}
2025-01-23 00:17:08.004 | INFO     | __main__:on_message:242 - java.lang.Throwable
	at com.android.org.conscrypt.ConscryptFileDescriptorSocket$SSLOutputStream.write(Native Method)
	at com.android.okhttp.okio.Okio$1.write(Okio.java:78)
	at com.android.okhttp.okio.AsyncTimeout$1.write(AsyncTimeout.java:157)
	at com.android.okhttp.okio.RealBufferedSink.flush(RealBufferedSink.java:222)
	at com.android.okhttp.internal.http.Http1xStream.finishRequest(Http1xStream.java:163)
	at com.android.okhttp.internal.http.HttpEngine.readNetworkResponse(HttpEngine.java:748)
	at com.android.okhttp.internal.http.HttpEngine.readResponse(HttpEngine.java:622)
	at com.android.okhttp.internal.huc.HttpURLConnectionImpl.execute(HttpURLConnectionImpl.java:475)
	at com.android.okhttp.internal.huc.HttpURLConnectionImpl.getResponse(HttpURLConnectionImpl.java:411)
	at com.android.okhttp.internal.huc.HttpURLConnectionImpl.getResponseCode(HttpURLConnectionImpl.java:542)
	at com.android.okhttp.internal.huc.DelegatingHttpsURLConnection.getResponseCode(DelegatingHttpsURLConnection.java:106)
	at com.android.okhttp.internal.huc.HttpsURLConnectionImpl.getResponseCode(HttpsURLConnectionImpl.java:30)
	at com.tencent.liteav.base.http.HttpClientAndroid.internalRequest(SourceFile:221)
	at com.tencent.liteav.base.http.HttpClientAndroid.doRequest(SourceFile:5)
	at com.tencent.liteav.base.http.HttpClientAndroid.lambda$send$0(Unknown Source:0)
	at com.tencent.liteav.base.http.a.run(Unknown Source:4)
	at android.os.Handler.handleCallback(Handler.java:883)
	at android.os.Handler.dispatchMessage(Handler.java:100)
	at android.os.Looper.loop(Looper.java:214)
	at android.os.HandlerThread.run(HandlerThread.java:67)

2025-01-23 00:17:08.066 | INFO     | __main__:on_message:232 - SSL Session: A71B060F0923C418A6FDAF797E0DD35D5271676DC71A0424D61D1E800A8EB071
2025-01-23 00:17:08.067 | INFO     | __main__:on_message:233 - [SSL_read] 117.185.255.226:443 --> 192.168.1.106:40622
2025-01-23 00:17:08.067 | INFO     | __main__:on_message:241 - HTTP/1.1 200 OK..Date: Wed, 22 Jan 2025 16:17:08 GMT..Content-Type: application/octet-stream..Content-Length: 477..Connection: close..ETag: "157bbe99da2b36569468ed2e83e5d6b2"..Last-Modified: Mon, 30 Oct 2023 02:49:37 GMT..X-Cloud-Content-Encoding: gzip..X-Cloud-Request-Id: 7365327291299719299....K...tn.......%B....7.mj.....E...:.Pk.H...P.,FM....pn...UR..z.......c.P..e..C..G.O~Og.o....9..yv.5.`..g..q(...o.(beA.Z.h89.Dh...;.l...:....7o7....\'...Xp.m.fm5....9.....H.......u.....fN..N.\..gd..# .@..ye.l..j.w.-..x......@.0=....v....8s...6.=...X$[.cP.o...Y$..H..,..p....M....b.V...<.q.j.0..n{E..s.d.z......l...ZIJc.k......o..Woa.7]I............'pl..wQ1WM\G.J.#;M...(........S..Xw..{..*=.. @..V.?......]~..e&....1......$...........I...wzs.,2.......v.[..uH...H...^9$.-.+.a....x:
2025-01-23 00:17:08.067 | INFO     | __main__:on_message:242 - java.lang.Throwable
	at com.android.org.conscrypt.ConscryptFileDescriptorSocket$SSLInputStream.read(Native Method)
	at com.android.okhttp.okio.Okio$2.read(Okio.java:138)
	at com.android.okhttp.okio.AsyncTimeout$2.read(AsyncTimeout.java:213)
	at com.android.okhttp.okio.RealBufferedSource.indexOf(RealBufferedSource.java:307)
	at com.android.okhttp.okio.RealBufferedSource.indexOf(RealBufferedSource.java:301)
	at com.android.okhttp.okio.RealBufferedSource.readUtf8LineStrict(RealBufferedSource.java:197)
	at com.android.okhttp.internal.http.Http1xStream.readResponse(Http1xStream.java:188)
	at com.android.okhttp.internal.http.Http1xStream.readResponseHeaders(Http1xStream.java:129)
	at com.android.okhttp.internal.http.HttpEngine.readNetworkResponse(HttpEngine.java:750)
	at com.android.okhttp.internal.http.HttpEngine.readResponse(HttpEngine.java:622)
	at com.android.okhttp.internal.huc.HttpURLConnectionImpl.execute(HttpURLConnectionImpl.java:475)
	at com.android.okhttp.internal.huc.HttpURLConnectionImpl.getResponse(HttpURLConnectionImpl.java:411)
	at com.android.okhttp.internal.huc.HttpURLConnectionImpl.getResponseCode(HttpURLConnectionImpl.java:542)
	at com.android.okhttp.internal.huc.DelegatingHttpsURLConnection.getResponseCode(DelegatingHttpsURLConnection.java:106)
	at com.android.okhttp.internal.huc.HttpsURLConnectionImpl.getResponseCode(HttpsURLConnectionImpl.java:30)
	at com.tencent.liteav.base.http.HttpClientAndroid.internalRequest(SourceFile:221)
	at com.tencent.liteav.base.http.HttpClientAndroid.doRequest(SourceFile:5)
	at com.tencent.liteav.base.http.HttpClientAndroid.lambda$send$0(Unknown Source:0)
	at com.tencent.liteav.base.http.a.run(Unknown Source:4)
	at android.os.Handler.handleCallback(Handler.java:883)
	at android.os.Handler.dispatchMessage(Handler.java:100)
	at android.os.Looper.loop(Looper.java:214)
	at android.os.HandlerThread.run(HandlerThread.java:67)

2025-01-23 00:17:10.105 | INFO     | __main__:on_message:232 - SSL Session: 
2025-01-23 00:17:10.106 | INFO     | __main__:on_message:233 - [SSL_write] 192.168.1.106:39412 --> 36.155.166.119:443
2025-01-23 00:17:10.107 | INFO     | __main__:on_message:241 - POST /liteav HTTP/1.1..Accept-Encoding: identity..Connection: Keep-Alive..Content-Type: application/x-www-form-urlencoded..User-Agent: Dalvik/2.1.0 (Linux; U; Android 10; Pixel 4 Build/QQ3A.200805.001)..Host: mlvbdc.live.tlivesource.com..Content-Length: 703.....T...0.....>...BX../.}U...lv aC..m....0.^.J..sl.sl.=..X.6{..)..).Mf.0h.. ..M.......Y..a...-ed...mVp......(a.UD..BG.....Bi.....nE%.m#..BUHB...Q..7...)....IN.......y^....*.....Q..Zk&.dFs-t..3.tZP..R.,+..[.n..<..g.d........B..LbP.3..>.2_....b. ..j.[.u.H?}=3.....".+...../>....^..vzH.....?<..s..|._.`.8....L........w...z..q.....]..tV{-...6'f...5.A.........<[.s....o.p...e..X.......k.4.l9..R..J..c.DK^..".\..'...Lq..'....<.z.=.&.W.'ZG.8.=.|..3.=.t6L..sk}...E..C..&..B...Z.......'..=......7...u[..\....y.1.........>....u;ls..d.9`..x..[...>....o...M.....9.U~.....~mi+xU....;-_.;.n..y.}...)../........`....;...r.K...no..y..qN...e6.X$.....U....,.[....?.+.......|;.p.....>.:v>..a.,........1..0..Im1.......7..\..?.
2025-01-23 00:17:10.107 | INFO     | __main__:on_message:242 - java.lang.Throwable
	at com.android.org.conscrypt.ConscryptFileDescriptorSocket$SSLOutputStream.write(Native Method)
	at com.android.okhttp.okio.Okio$1.write(Okio.java:78)
	at com.android.okhttp.okio.AsyncTimeout$1.write(AsyncTimeout.java:157)
	at com.android.okhttp.okio.RealBufferedSink.flush(RealBufferedSink.java:222)
	at com.android.okhttp.internal.http.Http1xStream.finishRequest(Http1xStream.java:163)
	at com.android.okhttp.internal.http.HttpEngine.readNetworkResponse(HttpEngine.java:748)
	at com.android.okhttp.internal.http.HttpEngine.readResponse(HttpEngine.java:622)
	at com.android.okhttp.internal.huc.HttpURLConnectionImpl.execute(HttpURLConnectionImpl.java:475)
	at com.android.okhttp.internal.huc.HttpURLConnectionImpl.getResponse(HttpURLConnectionImpl.java:411)
	at com.android.okhttp.internal.huc.HttpURLConnectionImpl.getResponseCode(HttpURLConnectionImpl.java:542)
	at com.android.okhttp.internal.huc.DelegatingHttpsURLConnection.getResponseCode(DelegatingHttpsURLConnection.java:106)
	at com.android.okhttp.internal.huc.HttpsURLConnectionImpl.getResponseCode(HttpsURLConnectionImpl.java:30)
	at com.tencent.liteav.base.http.HttpClientAndroid.internalRequest(SourceFile:221)
	at com.tencent.liteav.base.http.HttpClientAndroid.doRequest(SourceFile:5)
	at com.tencent.liteav.base.http.HttpClientAndroid.lambda$send$0(Unknown Source:0)
	at com.tencent.liteav.base.http.a.run(Unknown Source:4)
	at android.os.Handler.handleCallback(Handler.java:883)
	at android.os.Handler.dispatchMessage(Handler.java:100)
	at android.os.Looper.loop(Looper.java:214)
	at android.os.HandlerThread.run(HandlerThread.java:67)

2025-01-23 00:17:10.152 | INFO     | __main__:on_message:232 - SSL Session: 3395CCA2B92B5E31A3BEC06C5ADC5C8EA1EA0753539151E63866BCC81CB84668
2025-01-23 00:17:10.153 | INFO     | __main__:on_message:233 - [SSL_read] 36.155.166.119:443 --> 192.168.1.106:39412
2025-01-23 00:17:10.154 | INFO     | __main__:on_message:241 - HTTP/1.1 200 OK..Server: nginx..Date: Wed, 22 Jan 2025 16:17:10 GMT..Transfer-Encoding: chunked..Connection: close..Access-Control-Allow-Origin: *..Access-Control-Allow-Headers: Content-Type..Access-Control-Allow-Methods: GET,POST,OPTIONS,DELETE....f4..{"bytes_errinfo":"success","uint32_send_interval":0,"bytes_stream_id":"1022290586","int32_is_long_conn":1,"uint32_max_resend_count":5,"uint32_log_flag":0,"uint32_report_duration":10,"uint32_module_id":"1005","int32_result":0,"command":"40101"}...0....
2025-01-23 00:17:10.154 | INFO     | __main__:on_message:242 - java.lang.Throwable
	at com.android.org.conscrypt.ConscryptFileDescriptorSocket$SSLInputStream.read(Native Method)
	at com.android.okhttp.okio.Okio$2.read(Okio.java:138)
	at com.android.okhttp.okio.AsyncTimeout$2.read(AsyncTimeout.java:213)
	at com.android.okhttp.okio.RealBufferedSource.indexOf(RealBufferedSource.java:307)
	at com.android.okhttp.okio.RealBufferedSource.indexOf(RealBufferedSource.java:301)
	at com.android.okhttp.okio.RealBufferedSource.readUtf8LineStrict(RealBufferedSource.java:197)
	at com.android.okhttp.internal.http.Http1xStream.readResponse(Http1xStream.java:188)
	at com.android.okhttp.internal.http.Http1xStream.readResponseHeaders(Http1xStream.java:129)
	at com.android.okhttp.internal.http.HttpEngine.readNetworkResponse(HttpEngine.java:750)
	at com.android.okhttp.internal.http.HttpEngine.readResponse(HttpEngine.java:622)
	at com.android.okhttp.internal.huc.HttpURLConnectionImpl.execute(HttpURLConnectionImpl.java:475)
	at com.android.okhttp.internal.huc.HttpURLConnectionImpl.getResponse(HttpURLConnectionImpl.java:411)
	at com.android.okhttp.internal.huc.HttpURLConnectionImpl.getResponseCode(HttpURLConnectionImpl.java:542)
	at com.android.okhttp.internal.huc.DelegatingHttpsURLConnection.getResponseCode(DelegatingHttpsURLConnection.java:106)
	at com.android.okhttp.internal.huc.HttpsURLConnectionImpl.getResponseCode(HttpsURLConnectionImpl.java:30)
	at com.tencent.liteav.base.http.HttpClientAndroid.internalRequest(SourceFile:221)
	at com.tencent.liteav.base.http.HttpClientAndroid.doRequest(SourceFile:5)
	at com.tencent.liteav.base.http.HttpClientAndroid.lambda$send$0(Unknown Source:0)
	at com.tencent.liteav.base.http.a.run(Unknown Source:4)
	at android.os.Handler.handleCallback(Handler.java:883)
	at android.os.Handler.dispatchMessage(Handler.java:100)
	at android.os.Looper.loop(Looper.java:214)
	at android.os.HandlerThread.run(HandlerThread.java:67)

2025-01-23 00:17:10.992 | INFO     | __main__:on_message:232 - SSL Session: 
2025-01-23 00:17:10.992 | INFO     | __main__:on_message:233 - [SSL_write] 192.168.1.106:39414 --> 36.155.166.119:443
2025-01-23 00:17:10.993 | INFO     | __main__:on_message:241 - POST /liteav HTTP/1.1..Accept-Encoding: identity..Connection: Keep-Alive..Content-Type: application/x-www-form-urlencoded..User-Agent: Dalvik/2.1.0 (Linux; U; Android 10; Pixel 4 Build/QQ3A.200805.001)..Host: mlvbdc.live.tlivesource.com..Content-Length: 941.....V...6...@....\%..A~!.  (..9.6..%....)Y.e.m`..\......g..V.<.........H7U.j02..y.r.T....(;:.....="....&c.:...*.'BR.E<..... M.P..w.R..R..g..w...a......3]o....*]..f.q.s....r!.2...q\ $t..R.kN....\h.cS(.).B.$I!..+...).......6..[....`.?..........`......&.}2.Jo...ZU>..tU........Z...........}!c._.R...>t%.u.j??>....x.[..}.....M...`..U...6%.Xol.VP.Giw..<........IRP.u...%<...........o8.I.RD....7.....z..q.....g..6...,....H5...Y..-.c..@w0gC..A...U.._.....$......9..$......>.X.K.@}......2...|....&7.P....v...*u.5h.z...LW.Jl].7QnXS..............xN.../..YI..A".u....\...*{.....G...l-....i....-..[?8...Jo....^B..G....$.@..|.....;......n.F..)Or....].d.).eJ.+.....Q.3t.l{X#.v......._.z.L..^4.o..:j..Mw.\7...p.L?..b......./..+....4...n.Y....iB...?].g...F.......>5e.).9.IxE..~c.z..1..H......2.p.T;r.6w./*..1..<j..r.......{.32......NU~..j.1.)...X...l..N9...Y...x.M.....\.w.`O_U...c..jKu..O&......;j.<..A....l..|(...E..v.......s./_x.....m.|.O..-.~....o.M../._..
2025-01-23 00:17:10.993 | INFO     | __main__:on_message:242 - java.lang.Throwable
	at com.android.org.conscrypt.ConscryptFileDescriptorSocket$SSLOutputStream.write(Native Method)
	at com.android.okhttp.okio.Okio$1.write(Okio.java:78)
	at com.android.okhttp.okio.AsyncTimeout$1.write(AsyncTimeout.java:157)
	at com.android.okhttp.okio.RealBufferedSink.flush(RealBufferedSink.java:222)
	at com.android.okhttp.internal.http.Http1xStream.finishRequest(Http1xStream.java:163)
	at com.android.okhttp.internal.http.HttpEngine.readNetworkResponse(HttpEngine.java:748)
	at com.android.okhttp.internal.http.HttpEngine.readResponse(HttpEngine.java:622)
	at com.android.okhttp.internal.huc.HttpURLConnectionImpl.execute(HttpURLConnectionImpl.java:475)
	at com.android.okhttp.internal.huc.HttpURLConnectionImpl.getResponse(HttpURLConnectionImpl.java:411)
	at com.android.okhttp.internal.huc.HttpURLConnectionImpl.getResponseCode(HttpURLConnectionImpl.java:542)
	at com.android.okhttp.internal.huc.DelegatingHttpsURLConnection.getResponseCode(DelegatingHttpsURLConnection.java:106)
	at com.android.okhttp.internal.huc.HttpsURLConnectionImpl.getResponseCode(HttpsURLConnectionImpl.java:30)
	at com.tencent.liteav.base.http.HttpClientAndroid.internalRequest(SourceFile:221)
	at com.tencent.liteav.base.http.HttpClientAndroid.doRequest(SourceFile:5)
	at com.tencent.liteav.base.http.HttpClientAndroid.lambda$send$0(Unknown Source:0)
	at com.tencent.liteav.base.http.a.run(Unknown Source:4)
	at android.os.Handler.handleCallback(Handler.java:883)
	at android.os.Handler.dispatchMessage(Handler.java:100)
	at android.os.Looper.loop(Looper.java:214)
	at android.os.HandlerThread.run(HandlerThread.java:67)

2025-01-23 00:17:11.032 | INFO     | __main__:on_message:232 - SSL Session: 138A035CA583CE5727C7FCD117849DC6DA08C0609CF861BAD27CEB95E9C32CF9
2025-01-23 00:17:11.033 | INFO     | __main__:on_message:233 - [SSL_read] 36.155.166.119:443 --> 192.168.1.106:39414
2025-01-23 00:17:11.033 | INFO     | __main__:on_message:241 - HTTP/1.1 200 OK..Server: nginx..Date: Wed, 22 Jan 2025 16:17:11 GMT..Transfer-Encoding: chunked..Connection: close..Access-Control-Allow-Origin: *..Access-Control-Allow-Headers: Content-Type..Access-Control-Allow-Methods: GET,POST,OPTIONS,DELETE....f4..{"bytes_errinfo":"success","uint32_send_interval":0,"bytes_stream_id":"1022290586","int32_is_long_conn":1,"uint32_max_resend_count":5,"uint32_log_flag":0,"uint32_report_duration":10,"uint32_module_id":"1005","int32_result":0,"command":"40102"}...0....
2025-01-23 00:17:11.034 | INFO     | __main__:on_message:242 - java.lang.Throwable
	at com.android.org.conscrypt.ConscryptFileDescriptorSocket$SSLInputStream.read(Native Method)
	at com.android.okhttp.okio.Okio$2.read(Okio.java:138)
	at com.android.okhttp.okio.AsyncTimeout$2.read(AsyncTimeout.java:213)
	at com.android.okhttp.okio.RealBufferedSource.indexOf(RealBufferedSource.java:307)
	at com.android.okhttp.okio.RealBufferedSource.indexOf(RealBufferedSource.java:301)
	at com.android.okhttp.okio.RealBufferedSource.readUtf8LineStrict(RealBufferedSource.java:197)
	at com.android.okhttp.internal.http.Http1xStream.readResponse(Http1xStream.java:188)
	at com.android.okhttp.internal.http.Http1xStream.readResponseHeaders(Http1xStream.java:129)
	at com.android.okhttp.internal.http.HttpEngine.readNetworkResponse(HttpEngine.java:750)
	at com.android.okhttp.internal.http.HttpEngine.readResponse(HttpEngine.java:622)
	at com.android.okhttp.internal.huc.HttpURLConnectionImpl.execute(HttpURLConnectionImpl.java:475)
	at com.android.okhttp.internal.huc.HttpURLConnectionImpl.getResponse(HttpURLConnectionImpl.java:411)
	at com.android.okhttp.internal.huc.HttpURLConnectionImpl.getResponseCode(HttpURLConnectionImpl.java:542)
	at com.android.okhttp.internal.huc.DelegatingHttpsURLConnection.getResponseCode(DelegatingHttpsURLConnection.java:106)
	at com.android.okhttp.internal.huc.HttpsURLConnectionImpl.getResponseCode(HttpsURLConnectionImpl.java:30)
	at com.tencent.liteav.base.http.HttpClientAndroid.internalRequest(SourceFile:221)
	at com.tencent.liteav.base.http.HttpClientAndroid.doRequest(SourceFile:5)
	at com.tencent.liteav.base.http.HttpClientAndroid.lambda$send$0(Unknown Source:0)
	at com.tencent.liteav.base.http.a.run(Unknown Source:4)
	at android.os.Handler.handleCallback(Handler.java:883)
	at android.os.Handler.dispatchMessage(Handler.java:100)
	at android.os.Looper.loop(Looper.java:214)
	at android.os.HandlerThread.run(HandlerThread.java:67)

2025-01-23 00:17:12.702 | INFO     | __main__:on_message:232 - SSL Session: 
2025-01-23 00:17:12.703 | INFO     | __main__:on_message:233 - [SSL_write] 192.168.1.106:39422 --> 36.155.166.119:443
2025-01-23 00:17:12.704 | INFO     | __main__:on_message:241 - POST /liteav HTTP/1.1..Accept-Encoding: identity..Connection: Keep-Alive..Content-Type: application/x-www-form-urlencoded..User-Agent: Dalvik/2.1.0 (Linux; U; Android 10; Pixel 4 Build/QQ3A.200805.001)..Host: mlvbdc.live.tlivesource.com..Content-Length: 697.....T.n.0...B..l..(.@._.=....l..........Z.;..@..y.p..{KX.WJ$[.Q......n.......\%.y.l.......j.'f$.. Y...V.n,......4.......f..5n......(.%(....Q^....I'i.21...LA..!Y..<U.0...$E^ .i.@..a...g.3....G......,...e..*.....K~L.`...U...i.:.....!...^........9i...7BV..@?.,...\{.}.g..J...W....?...4.b.`..^.{u.7.....w....9.I.%N^...c.4...!....n6W}m.Um.sq8d..p.....HvH..,.m...W..A..U'..M..8.'.q....J.q......)e.(......9.)).....I[..........]&......`.......E`..v..^.FY.+6.e...QT...C.}..Z....1....RMtd...9)!M..q...9.&.......cT_uC.U..... ...h...z..}.J.?...?.....T1...f0E.L.yN.4kgI0..f..l&....N...n.{c}..<.."..X%.H<M$C..h...{..RV....N.|hf.....8.J...."..5.Q~Iq....^=^....r...vF....+....[..c.d.nXt6..[zP.....<3S...E...*........
2025-01-23 00:17:12.704 | INFO     | __main__:on_message:242 - java.lang.Throwable
	at com.android.org.conscrypt.ConscryptFileDescriptorSocket$SSLOutputStream.write(Native Method)
	at com.android.okhttp.okio.Okio$1.write(Okio.java:78)
	at com.android.okhttp.okio.AsyncTimeout$1.write(AsyncTimeout.java:157)
	at com.android.okhttp.okio.RealBufferedSink.flush(RealBufferedSink.java:222)
	at com.android.okhttp.internal.http.Http1xStream.finishRequest(Http1xStream.java:163)
	at com.android.okhttp.internal.http.HttpEngine.readNetworkResponse(HttpEngine.java:748)
	at com.android.okhttp.internal.http.HttpEngine.readResponse(HttpEngine.java:622)
	at com.android.okhttp.internal.huc.HttpURLConnectionImpl.execute(HttpURLConnectionImpl.java:475)
	at com.android.okhttp.internal.huc.HttpURLConnectionImpl.getResponse(HttpURLConnectionImpl.java:411)
	at com.android.okhttp.internal.huc.HttpURLConnectionImpl.getResponseCode(HttpURLConnectionImpl.java:542)
	at com.android.okhttp.internal.huc.DelegatingHttpsURLConnection.getResponseCode(DelegatingHttpsURLConnection.java:106)
	at com.android.okhttp.internal.huc.HttpsURLConnectionImpl.getResponseCode(HttpsURLConnectionImpl.java:30)
	at com.tencent.liteav.base.http.HttpClientAndroid.internalRequest(SourceFile:221)
	at com.tencent.liteav.base.http.HttpClientAndroid.doRequest(SourceFile:5)
	at com.tencent.liteav.base.http.HttpClientAndroid.lambda$send$0(Unknown Source:0)
	at com.tencent.liteav.base.http.a.run(Unknown Source:4)
	at android.os.Handler.handleCallback(Handler.java:883)
	at android.os.Handler.dispatchMessage(Handler.java:100)
	at android.os.Looper.loop(Looper.java:214)
	at android.os.HandlerThread.run(HandlerThread.java:67)

2025-01-23 00:17:12.754 | INFO     | __main__:on_message:232 - SSL Session: 81F6511C95954F14413E465999F973F1F2254475176DF1CE2F90AE6B68CF1572
2025-01-23 00:17:12.754 | INFO     | __main__:on_message:233 - [SSL_read] 36.155.166.119:443 --> 192.168.1.106:39422
2025-01-23 00:17:12.754 | INFO     | __main__:on_message:241 - HTTP/1.1 200 OK..Server: nginx..Date: Wed, 22 Jan 2025 16:17:12 GMT..Transfer-Encoding: chunked..Connection: close..Access-Control-Allow-Origin: *..Access-Control-Allow-Headers: Content-Type..Access-Control-Allow-Methods: GET,POST,OPTIONS,DELETE....f3..{"bytes_errinfo":"success","uint32_send_interval":0,"bytes_stream_id":"822720967","int32_is_long_conn":1,"uint32_max_resend_count":5,"uint32_log_flag":0,"uint32_report_duration":10,"uint32_module_id":"1005","int32_result":0,"command":"40101"}...0....
2025-01-23 00:17:12.755 | INFO     | __main__:on_message:242 - java.lang.Throwable
	at com.android.org.conscrypt.ConscryptFileDescriptorSocket$SSLInputStream.read(Native Method)
	at com.android.okhttp.okio.Okio$2.read(Okio.java:138)
	at com.android.okhttp.okio.AsyncTimeout$2.read(AsyncTimeout.java:213)
	at com.android.okhttp.okio.RealBufferedSource.indexOf(RealBufferedSource.java:307)
	at com.android.okhttp.okio.RealBufferedSource.indexOf(RealBufferedSource.java:301)
	at com.android.okhttp.okio.RealBufferedSource.readUtf8LineStrict(RealBufferedSource.java:197)
	at com.android.okhttp.internal.http.Http1xStream.readResponse(Http1xStream.java:188)
	at com.android.okhttp.internal.http.Http1xStream.readResponseHeaders(Http1xStream.java:129)
	at com.android.okhttp.internal.http.HttpEngine.readNetworkResponse(HttpEngine.java:750)
	at com.android.okhttp.internal.http.HttpEngine.readResponse(HttpEngine.java:622)
	at com.android.okhttp.internal.huc.HttpURLConnectionImpl.execute(HttpURLConnectionImpl.java:475)
	at com.android.okhttp.internal.huc.HttpURLConnectionImpl.getResponse(HttpURLConnectionImpl.java:411)
	at com.android.okhttp.internal.huc.HttpURLConnectionImpl.getResponseCode(HttpURLConnectionImpl.java:542)
	at com.android.okhttp.internal.huc.DelegatingHttpsURLConnection.getResponseCode(DelegatingHttpsURLConnection.java:106)
	at com.android.okhttp.internal.huc.HttpsURLConnectionImpl.getResponseCode(HttpsURLConnectionImpl.java:30)
	at com.tencent.liteav.base.http.HttpClientAndroid.internalRequest(SourceFile:221)
	at com.tencent.liteav.base.http.HttpClientAndroid.doRequest(SourceFile:5)
	at com.tencent.liteav.base.http.HttpClientAndroid.lambda$send$0(Unknown Source:0)
	at com.tencent.liteav.base.http.a.run(Unknown Source:4)
	at android.os.Handler.handleCallback(Handler.java:883)
	at android.os.Handler.dispatchMessage(Handler.java:100)
	at android.os.Looper.loop(Looper.java:214)
	at android.os.HandlerThread.run(HandlerThread.java:67)

2025-01-23 00:17:12.959 | INFO     | __main__:on_message:232 - SSL Session: 
2025-01-23 00:17:12.959 | INFO     | __main__:on_message:233 - [SSL_write] 192.168.1.106:39424 --> 36.155.166.119:443
2025-01-23 00:17:12.960 | INFO     | __main__:on_message:241 - POST /liteav HTTP/1.1..Accept-Encoding: identity..Connection: Keep-Alive..Content-Type: application/x-www-form-urlencoded..User-Agent: Dalvik/2.1.0 (Linux; U; Android 10; Pixel 4 Build/QQ3A.200805.001)..Host: mlvbdc.live.tlivesource.com..Content-Length: 939.....V...8.......M....4._....2.$N.f..2...).!.I:..%(u...U.e..D.p]....F..%.[ mU.........p"...g....x....A....&c.Z%..U..I...tF.....*H^..|.i,......b.]FX.4.Y...v.....0....8....B.x.....".2.qR".d..!H,c"...(.$2Q..0.0c2M3...r..s.......-.w.F...>(.W4a.....S..l2.....>S4..!.b.x-*..J...~...R.....J.j.}.w.....{.J....}k`]......X..J..pZl6.*D.k...;(..;..R...\.Z.....;.1w...[.$.y,..e..R2J...I"...I....Ni.D..xJ..T...1.^.^.0.U.u.>.m......)../....r....f.;..C..A...U.._:....8......s.g..U.g>'zwc./q..sf2l.9/.+P.W.*.......+|:|...... .....Sm.*.u..x.aM.{N..._%.....,...A..E2=+.9y..{.<i.9...x.=j.Q...p!-]............v.....).Z...]AM.#...0....XQ,.T0.....i..6!r-.Z....d.u.9^.....w.....#..@.N..`.....t.......v..'...?M.}...m{......X...7........O.&!.qHp...p.(.La..e.....-...m..]O.|.9(.5&..r....p..Z..z..a........1..J.#g....+\...D..G-B=.R..[yczb.j...G...|....'$.-b|b.f=[.....@@......n.,M&.F;8.W..{.....1.8......`l...x.N.A....l.l..5.n..g;Dv.m.....k..|.r_..Y>.'d.6.~N...o.M...._..
2025-01-23 00:17:12.960 | INFO     | __main__:on_message:242 - java.lang.Throwable
	at com.android.org.conscrypt.ConscryptFileDescriptorSocket$SSLOutputStream.write(Native Method)
	at com.android.okhttp.okio.Okio$1.write(Okio.java:78)
	at com.android.okhttp.okio.AsyncTimeout$1.write(AsyncTimeout.java:157)
	at com.android.okhttp.okio.RealBufferedSink.flush(RealBufferedSink.java:222)
	at com.android.okhttp.internal.http.Http1xStream.finishRequest(Http1xStream.java:163)
	at com.android.okhttp.internal.http.HttpEngine.readNetworkResponse(HttpEngine.java:748)
	at com.android.okhttp.internal.http.HttpEngine.readResponse(HttpEngine.java:622)
	at com.android.okhttp.internal.huc.HttpURLConnectionImpl.execute(HttpURLConnectionImpl.java:475)
	at com.android.okhttp.internal.huc.HttpURLConnectionImpl.getResponse(HttpURLConnectionImpl.java:411)
	at com.android.okhttp.internal.huc.HttpURLConnectionImpl.getResponseCode(HttpURLConnectionImpl.java:542)
	at com.android.okhttp.internal.huc.DelegatingHttpsURLConnection.getResponseCode(DelegatingHttpsURLConnection.java:106)
	at com.android.okhttp.internal.huc.HttpsURLConnectionImpl.getResponseCode(HttpsURLConnectionImpl.java:30)
	at com.tencent.liteav.base.http.HttpClientAndroid.internalRequest(SourceFile:221)
	at com.tencent.liteav.base.http.HttpClientAndroid.doRequest(SourceFile:5)
	at com.tencent.liteav.base.http.HttpClientAndroid.lambda$send$0(Unknown Source:0)
	at com.tencent.liteav.base.http.a.run(Unknown Source:4)
	at android.os.Handler.handleCallback(Handler.java:883)
	at android.os.Handler.dispatchMessage(Handler.java:100)
	at android.os.Looper.loop(Looper.java:214)
	at android.os.HandlerThread.run(HandlerThread.java:67)

2025-01-23 00:17:13.003 | INFO     | __main__:on_message:232 - SSL Session: 41A96B5169C06F6120DA335457E63EE9472C13661EC8B8330D49456EFF4CB1BC
2025-01-23 00:17:13.003 | INFO     | __main__:on_message:233 - [SSL_read] 36.155.166.119:443 --> 192.168.1.106:39424
2025-01-23 00:17:13.003 | INFO     | __main__:on_message:241 - HTTP/1.1 200 OK..Server: nginx..Date: Wed, 22 Jan 2025 16:17:13 GMT..Transfer-Encoding: chunked..Connection: close..Access-Control-Allow-Origin: *..Access-Control-Allow-Headers: Content-Type..Access-Control-Allow-Methods: GET,POST,OPTIONS,DELETE....f3..{"bytes_errinfo":"success","uint32_send_interval":0,"bytes_stream_id":"822720967","int32_is_long_conn":1,"uint32_max_resend_count":5,"uint32_log_flag":0,"uint32_report_duration":10,"uint32_module_id":"1005","int32_result":0,"command":"40102"}...0....
2025-01-23 00:17:13.003 | INFO     | __main__:on_message:242 - java.lang.Throwable
	at com.android.org.conscrypt.ConscryptFileDescriptorSocket$SSLInputStream.read(Native Method)
	at com.android.okhttp.okio.Okio$2.read(Okio.java:138)
	at com.android.okhttp.okio.AsyncTimeout$2.read(AsyncTimeout.java:213)
	at com.android.okhttp.okio.RealBufferedSource.indexOf(RealBufferedSource.java:307)
	at com.android.okhttp.okio.RealBufferedSource.indexOf(RealBufferedSource.java:301)
	at com.android.okhttp.okio.RealBufferedSource.readUtf8LineStrict(RealBufferedSource.java:197)
	at com.android.okhttp.internal.http.Http1xStream.readResponse(Http1xStream.java:188)
	at com.android.okhttp.internal.http.Http1xStream.readResponseHeaders(Http1xStream.java:129)
	at com.android.okhttp.internal.http.HttpEngine.readNetworkResponse(HttpEngine.java:750)
	at com.android.okhttp.internal.http.HttpEngine.readResponse(HttpEngine.java:622)
	at com.android.okhttp.internal.huc.HttpURLConnectionImpl.execute(HttpURLConnectionImpl.java:475)
	at com.android.okhttp.internal.huc.HttpURLConnectionImpl.getResponse(HttpURLConnectionImpl.java:411)
	at com.android.okhttp.internal.huc.HttpURLConnectionImpl.getResponseCode(HttpURLConnectionImpl.java:542)
	at com.android.okhttp.internal.huc.DelegatingHttpsURLConnection.getResponseCode(DelegatingHttpsURLConnection.java:106)
	at com.android.okhttp.internal.huc.HttpsURLConnectionImpl.getResponseCode(HttpsURLConnectionImpl.java:30)
	at com.tencent.liteav.base.http.HttpClientAndroid.internalRequest(SourceFile:221)
	at com.tencent.liteav.base.http.HttpClientAndroid.doRequest(SourceFile:5)
	at com.tencent.liteav.base.http.HttpClientAndroid.lambda$send$0(Unknown Source:0)
	at com.tencent.liteav.base.http.a.run(Unknown Source:4)
	at android.os.Handler.handleCallback(Handler.java:883)
	at android.os.Handler.dispatchMessage(Handler.java:100)
	at android.os.Looper.loop(Looper.java:214)
	at android.os.HandlerThread.run(HandlerThread.java:67)

2025-01-23 00:17:15.144 | INFO     | __main__:on_message:232 - SSL Session: 
2025-01-23 00:17:15.145 | INFO     | __main__:on_message:233 - [SSL_write] 192.168.1.106:39432 --> 36.155.166.119:443
2025-01-23 00:17:15.145 | INFO     | __main__:on_message:241 - POST /liteav HTTP/1.1..Accept-Encoding: identity..Connection: Keep-Alive..Content-Type: application/x-www-form-urlencoded..User-Agent: Dalvik/2.1.0 (Linux; U; Android 10; Pixel 4 Build/QQ3A.200805.001)..Host: mlvbdc.live.tlivesource.com..Content-Length: 699.....T...8..............B...2.....b......[...I...>!....TQ?2=M...3.Lr!HY.23..v..B.=d..:{..#k>"....RFV.B.....A..J.....w6.o...RK...X4...x}...9B.9.Zp(.-..|.cJ.4.s.S!D.t..j..V..BV.QZv.H...5+L...Z.V.fJ...\P)MU.X...\.e^..e....~...7..1.I.v...?&@...@..X9.~...-(.=._.m.%".".....AY......M....(..T.......=.tp.O.......5<@H..^.GG....f.c......4..4...9.".!'&LU.=^@..a....w..X.sT...wx.M..2.O.i.j"e.M.T..M.:.].`]S..?..W...g..9.W.g.3g8@....d......Vy...v1............Q.....<.B......C<..^......0./`.tb.z....F..e.....C.......j.....>....u'...5.....M...uo... .G....iS:/sZ......oON.....5...+w]..N.=t..4.>&.!../.+......`.......G..).....N{...8..al._..%.CB.....\.j.`]\.j..W8..U....v..z\.)n.....~...a.Y<0.tT......2.n..w.?....:..(...
2025-01-23 00:17:15.146 | INFO     | __main__:on_message:242 - java.lang.Throwable
	at com.android.org.conscrypt.ConscryptFileDescriptorSocket$SSLOutputStream.write(Native Method)
	at com.android.okhttp.okio.Okio$1.write(Okio.java:78)
	at com.android.okhttp.okio.AsyncTimeout$1.write(AsyncTimeout.java:157)
	at com.android.okhttp.okio.RealBufferedSink.flush(RealBufferedSink.java:222)
	at com.android.okhttp.internal.http.Http1xStream.finishRequest(Http1xStream.java:163)
	at com.android.okhttp.internal.http.HttpEngine.readNetworkResponse(HttpEngine.java:748)
	at com.android.okhttp.internal.http.HttpEngine.readResponse(HttpEngine.java:622)
	at com.android.okhttp.internal.huc.HttpURLConnectionImpl.execute(HttpURLConnectionImpl.java:475)
	at com.android.okhttp.internal.huc.HttpURLConnectionImpl.getResponse(HttpURLConnectionImpl.java:411)
	at com.android.okhttp.internal.huc.HttpURLConnectionImpl.getResponseCode(HttpURLConnectionImpl.java:542)
	at com.android.okhttp.internal.huc.DelegatingHttpsURLConnection.getResponseCode(DelegatingHttpsURLConnection.java:106)
	at com.android.okhttp.internal.huc.HttpsURLConnectionImpl.getResponseCode(HttpsURLConnectionImpl.java:30)
	at com.tencent.liteav.base.http.HttpClientAndroid.internalRequest(SourceFile:221)
	at com.tencent.liteav.base.http.HttpClientAndroid.doRequest(SourceFile:5)
	at com.tencent.liteav.base.http.HttpClientAndroid.lambda$send$0(Unknown Source:0)
	at com.tencent.liteav.base.http.a.run(Unknown Source:4)
	at android.os.Handler.handleCallback(Handler.java:883)
	at android.os.Handler.dispatchMessage(Handler.java:100)
	at android.os.Looper.loop(Looper.java:214)
	at android.os.HandlerThread.run(HandlerThread.java:67)

2025-01-23 00:17:15.184 | INFO     | __main__:on_message:232 - SSL Session: DD5853A1CD8D02234DA2E1B3C1C2675619F874DF30F0CC18CB5F7BF0B0B3CE9B
2025-01-23 00:17:15.184 | INFO     | __main__:on_message:233 - [SSL_read] 36.155.166.119:443 --> 192.168.1.106:39432
2025-01-23 00:17:15.185 | INFO     | __main__:on_message:241 - HTTP/1.1 200 OK..Server: nginx..Date: Wed, 22 Jan 2025 16:17:15 GMT..Transfer-Encoding: chunked..Connection: close..Access-Control-Allow-Origin: *..Access-Control-Allow-Headers: Content-Type..Access-Control-Allow-Methods: GET,POST,OPTIONS,DELETE....f3..{"bytes_errinfo":"success","uint32_send_interval":0,"bytes_stream_id":"536267240","int32_is_long_conn":1,"uint32_max_resend_count":5,"uint32_log_flag":0,"uint32_report_duration":10,"uint32_module_id":"1005","int32_result":0,"command":"40101"}...0....
2025-01-23 00:17:15.185 | INFO     | __main__:on_message:242 - java.lang.Throwable
	at com.android.org.conscrypt.ConscryptFileDescriptorSocket$SSLInputStream.read(Native Method)
	at com.android.okhttp.okio.Okio$2.read(Okio.java:138)
	at com.android.okhttp.okio.AsyncTimeout$2.read(AsyncTimeout.java:213)
	at com.android.okhttp.okio.RealBufferedSource.indexOf(RealBufferedSource.java:307)
	at com.android.okhttp.okio.RealBufferedSource.indexOf(RealBufferedSource.java:301)
	at com.android.okhttp.okio.RealBufferedSource.readUtf8LineStrict(RealBufferedSource.java:197)
	at com.android.okhttp.internal.http.Http1xStream.readResponse(Http1xStream.java:188)
	at com.android.okhttp.internal.http.Http1xStream.readResponseHeaders(Http1xStream.java:129)
	at com.android.okhttp.internal.http.HttpEngine.readNetworkResponse(HttpEngine.java:750)
	at com.android.okhttp.internal.http.HttpEngine.readResponse(HttpEngine.java:622)
	at com.android.okhttp.internal.huc.HttpURLConnectionImpl.execute(HttpURLConnectionImpl.java:475)
	at com.android.okhttp.internal.huc.HttpURLConnectionImpl.getResponse(HttpURLConnectionImpl.java:411)
	at com.android.okhttp.internal.huc.HttpURLConnectionImpl.getResponseCode(HttpURLConnectionImpl.java:542)
	at com.android.okhttp.internal.huc.DelegatingHttpsURLConnection.getResponseCode(DelegatingHttpsURLConnection.java:106)
	at com.android.okhttp.internal.huc.HttpsURLConnectionImpl.getResponseCode(HttpsURLConnectionImpl.java:30)
	at com.tencent.liteav.base.http.HttpClientAndroid.internalRequest(SourceFile:221)
	at com.tencent.liteav.base.http.HttpClientAndroid.doRequest(SourceFile:5)
	at com.tencent.liteav.base.http.HttpClientAndroid.lambda$send$0(Unknown Source:0)
	at com.tencent.liteav.base.http.a.run(Unknown Source:4)
	at android.os.Handler.handleCallback(Handler.java:883)
	at android.os.Handler.dispatchMessage(Handler.java:100)
	at android.os.Looper.loop(Looper.java:214)
	at android.os.HandlerThread.run(HandlerThread.java:67)

2025-01-23 00:17:16.139 | INFO     | __main__:on_message:232 - SSL Session: 
2025-01-23 00:17:16.140 | INFO     | __main__:on_message:233 - [SSL_write] 192.168.1.106:39436 --> 36.155.166.119:443
2025-01-23 00:17:16.141 | INFO     | __main__:on_message:241 - POST /liteav HTTP/1.1..Accept-Encoding: identity..Connection: Keep-Alive..Content-Type: application/x-www-form-urlencoded..User-Agent: Dalvik/2.1.0 (Linux; U; Android 10; Pixel 4 Build/QQ3A.200805.001)..Host: mlvbdc.live.tlivesource.com..Content-Length: 937.....V...8...U.....%........V..T..s...zF..SNB......Q...\u\..@5.4y.N9.<.I.....KU.1$... WN......O......"..!..d.\...#.c.',<...B...J..F.Q&.5....q..B.9..q...h.mgj...U."+..a.p.;..C(B.P$.Q......J)...i.U.r....P!.!.B'I..0[.w~.!.....o4H...".............T...Xw.TE.3%..Qz.. +Uz'X....o.~S.a.V..4...O..:..X.'.4.........l...zg..... ...VDwM.}w.P....[....7.R+.......].g..7.....".:....,b.."...N.v.h..8L.gS:}......j.zq......~..uRY;V..L.>7..l....~h...93...$..I.I...IQ.D2...y.>.z....z.c.w7&..w.>f.....2.F.|U..t..,.._...c.X.....(W<p...Ub....r.....8..>K.....Y....8..d~R.c. ..<y..c....,{.....#.LZ..wiy[7s.f............8.I..CM.#..8".8.l......U.9.~a..d.QU..(g:...vN...G..Uq.l....#...b:.#.v...5.9.oM.].../....b...}.^-.j..X,o...7........O..+....)~.x...agr....Mw.>O...........B..f...7.^.n...Yo.B..%b=p...f.........m...`..I.... '-....i.'F.k<.>Z.T.[....ot.....F..5.[....uq.B..v.....0...E..-h.<.........m|....?Q...d..:......{.....h.cdW.m....x...o^...4........Oi...%..x.]..7
2025-01-23 00:17:16.142 | INFO     | __main__:on_message:242 - java.lang.Throwable
	at com.android.org.conscrypt.ConscryptFileDescriptorSocket$SSLOutputStream.write(Native Method)
	at com.android.okhttp.okio.Okio$1.write(Okio.java:78)
	at com.android.okhttp.okio.AsyncTimeout$1.write(AsyncTimeout.java:157)
	at com.android.okhttp.okio.RealBufferedSink.flush(RealBufferedSink.java:222)
	at com.android.okhttp.internal.http.Http1xStream.finishRequest(Http1xStream.java:163)
	at com.android.okhttp.internal.http.HttpEngine.readNetworkResponse(HttpEngine.java:748)
	at com.android.okhttp.internal.http.HttpEngine.readResponse(HttpEngine.java:622)
	at com.android.okhttp.internal.huc.HttpURLConnectionImpl.execute(HttpURLConnectionImpl.java:475)
	at com.android.okhttp.internal.huc.HttpURLConnectionImpl.getResponse(HttpURLConnectionImpl.java:411)
	at com.android.okhttp.internal.huc.HttpURLConnectionImpl.getResponseCode(HttpURLConnectionImpl.java:542)
	at com.android.okhttp.internal.huc.DelegatingHttpsURLConnection.getResponseCode(DelegatingHttpsURLConnection.java:106)
	at com.android.okhttp.internal.huc.HttpsURLConnectionImpl.getResponseCode(HttpsURLConnectionImpl.java:30)
	at com.tencent.liteav.base.http.HttpClientAndroid.internalRequest(SourceFile:221)
	at com.tencent.liteav.base.http.HttpClientAndroid.doRequest(SourceFile:5)
	at com.tencent.liteav.base.http.HttpClientAndroid.lambda$send$0(Unknown Source:0)
	at com.tencent.liteav.base.http.a.run(Unknown Source:4)
	at android.os.Handler.handleCallback(Handler.java:883)
	at android.os.Handler.dispatchMessage(Handler.java:100)
	at android.os.Looper.loop(Looper.java:214)
	at android.os.HandlerThread.run(HandlerThread.java:67)

2025-01-23 00:17:16.186 | INFO     | __main__:on_message:232 - SSL Session: 6B756DFE1958C9AEB29687DFAFD2BA58ADA461E5826C967EDE5ACDC363046E01
2025-01-23 00:17:16.187 | INFO     | __main__:on_message:233 - [SSL_read] 36.155.166.119:443 --> 192.168.1.106:39436
2025-01-23 00:17:16.187 | INFO     | __main__:on_message:241 - HTTP/1.1 200 OK..Server: nginx..Date: Wed, 22 Jan 2025 16:17:16 GMT..Transfer-Encoding: chunked..Connection: close..Access-Control-Allow-Origin: *..Access-Control-Allow-Headers: Content-Type..Access-Control-Allow-Methods: GET,POST,OPTIONS,DELETE....f3..{"bytes_errinfo":"success","uint32_send_interval":0,"bytes_stream_id":"536267240","int32_is_long_conn":1,"uint32_max_resend_count":5,"uint32_log_flag":0,"uint32_report_duration":10,"uint32_module_id":"1005","int32_result":0,"command":"40102"}...0....
2025-01-23 00:17:16.188 | INFO     | __main__:on_message:242 - java.lang.Throwable
	at com.android.org.conscrypt.ConscryptFileDescriptorSocket$SSLInputStream.read(Native Method)
	at com.android.okhttp.okio.Okio$2.read(Okio.java:138)
	at com.android.okhttp.okio.AsyncTimeout$2.read(AsyncTimeout.java:213)
	at com.android.okhttp.okio.RealBufferedSource.indexOf(RealBufferedSource.java:307)
	at com.android.okhttp.okio.RealBufferedSource.indexOf(RealBufferedSource.java:301)
	at com.android.okhttp.okio.RealBufferedSource.readUtf8LineStrict(RealBufferedSource.java:197)
	at com.android.okhttp.internal.http.Http1xStream.readResponse(Http1xStream.java:188)
	at com.android.okhttp.internal.http.Http1xStream.readResponseHeaders(Http1xStream.java:129)
	at com.android.okhttp.internal.http.HttpEngine.readNetworkResponse(HttpEngine.java:750)
	at com.android.okhttp.internal.http.HttpEngine.readResponse(HttpEngine.java:622)
	at com.android.okhttp.internal.huc.HttpURLConnectionImpl.execute(HttpURLConnectionImpl.java:475)
	at com.android.okhttp.internal.huc.HttpURLConnectionImpl.getResponse(HttpURLConnectionImpl.java:411)
	at com.android.okhttp.internal.huc.HttpURLConnectionImpl.getResponseCode(HttpURLConnectionImpl.java:542)
	at com.android.okhttp.internal.huc.DelegatingHttpsURLConnection.getResponseCode(DelegatingHttpsURLConnection.java:106)
	at com.android.okhttp.internal.huc.HttpsURLConnectionImpl.getResponseCode(HttpsURLConnectionImpl.java:30)
	at com.tencent.liteav.base.http.HttpClientAndroid.internalRequest(SourceFile:221)
	at com.tencent.liteav.base.http.HttpClientAndroid.doRequest(SourceFile:5)
	at com.tencent.liteav.base.http.HttpClientAndroid.lambda$send$0(Unknown Source:0)
	at com.tencent.liteav.base.http.a.run(Unknown Source:4)
	at android.os.Handler.handleCallback(Handler.java:883)
	at android.os.Handler.dispatchMessage(Handler.java:100)
	at android.os.Looper.loop(Looper.java:214)
	at android.os.HandlerThread.run(HandlerThread.java:67)

2025-01-23 00:17:18.473 | INFO     | __main__:on_message:232 - SSL Session: 
2025-01-23 00:17:18.474 | INFO     | __main__:on_message:233 - [SSL_write] 192.168.1.106:39444 --> 36.155.166.119:443
2025-01-23 00:17:18.474 | INFO     | __main__:on_message:241 - POST /liteav HTTP/1.1..Accept-Encoding: identity..Connection: Keep-Alive..Content-Type: application/x-www-form-urlencoded..User-Agent: Dalvik/2.1.0 (Linux; U; Android 10; Pixel 4 Build/QQ3A.200805.001)..Host: mlvbdc.live.tlivesource.com..Content-Length: 705.....TM..(..++.....c..4.......PN..........-..Nf......G.+^..#.....=....sRU.L.q..AN(..L.(...?..=Bh;.O..JBHv...=.qI......iyc.{......R.#.;z.......Qh...U......>...(.....s.rjxk.y.".......'D(....T%S..\j...............Q`.....k.L....&/>D.*.leP.#..>.2..+.......o...J....mg..q..F.7......[....z.'h..Sz.?..//....5?...M......!..z...]....~.8.....I..;./.....G.U...{..<...^....^..9V.4.7x.u...._..VT7...%..sR....zV...._h]..oHQm...|...8...(..a...a...h.....,..to..a..{Lo|....qm....v.4..*>9.....%-..<&h....t....y3..N.2M{.......xw.f7.L.8..L.\.=a..?....0...{0..W.,.......&..UNK.3..l...d...t.ES....[.....w.a.&.c*;D.."]..$....#d...y,...'.apR.)=.(.......T|.D|Lh...b..?...q......iAn.|......r%.... c.....a.Y\0.p.....{ycV....2.~;d.)~.....
2025-01-23 00:17:18.475 | INFO     | __main__:on_message:242 - java.lang.Throwable
	at com.android.org.conscrypt.ConscryptFileDescriptorSocket$SSLOutputStream.write(Native Method)
	at com.android.okhttp.okio.Okio$1.write(Okio.java:78)
	at com.android.okhttp.okio.AsyncTimeout$1.write(AsyncTimeout.java:157)
	at com.android.okhttp.okio.RealBufferedSink.flush(RealBufferedSink.java:222)
	at com.android.okhttp.internal.http.Http1xStream.finishRequest(Http1xStream.java:163)
	at com.android.okhttp.internal.http.HttpEngine.readNetworkResponse(HttpEngine.java:748)
	at com.android.okhttp.internal.http.HttpEngine.readResponse(HttpEngine.java:622)
	at com.android.okhttp.internal.huc.HttpURLConnectionImpl.execute(HttpURLConnectionImpl.java:475)
	at com.android.okhttp.internal.huc.HttpURLConnectionImpl.getResponse(HttpURLConnectionImpl.java:411)
	at com.android.okhttp.internal.huc.HttpURLConnectionImpl.getResponseCode(HttpURLConnectionImpl.java:542)
	at com.android.okhttp.internal.huc.DelegatingHttpsURLConnection.getResponseCode(DelegatingHttpsURLConnection.java:106)
	at com.android.okhttp.internal.huc.HttpsURLConnectionImpl.getResponseCode(HttpsURLConnectionImpl.java:30)
	at com.tencent.liteav.base.http.HttpClientAndroid.internalRequest(SourceFile:221)
	at com.tencent.liteav.base.http.HttpClientAndroid.doRequest(SourceFile:5)
	at com.tencent.liteav.base.http.HttpClientAndroid.lambda$send$0(Unknown Source:0)
	at com.tencent.liteav.base.http.a.run(Unknown Source:4)
	at android.os.Handler.handleCallback(Handler.java:883)
	at android.os.Handler.dispatchMessage(Handler.java:100)
	at android.os.Looper.loop(Looper.java:214)
	at android.os.HandlerThread.run(HandlerThread.java:67)

2025-01-23 00:17:18.518 | INFO     | __main__:on_message:232 - SSL Session: EF6E3A9B231AEB522A2FDE509E2C78B73353DA4B0E1145E66224064EA39E7545
2025-01-23 00:17:18.518 | INFO     | __main__:on_message:233 - [SSL_read] 36.155.166.119:443 --> 192.168.1.106:39444
2025-01-23 00:17:18.519 | INFO     | __main__:on_message:241 - HTTP/1.1 200 OK..Server: nginx..Date: Wed, 22 Jan 2025 16:17:18 GMT..Transfer-Encoding: chunked..Connection: close..Access-Control-Allow-Origin: *..Access-Control-Allow-Headers: Content-Type..Access-Control-Allow-Methods: GET,POST,OPTIONS,DELETE....f3..{"bytes_errinfo":"success","uint32_send_interval":0,"bytes_stream_id":"398883715","int32_is_long_conn":1,"uint32_max_resend_count":5,"uint32_log_flag":0,"uint32_report_duration":10,"uint32_module_id":"1005","int32_result":0,"command":"40101"}...0....
2025-01-23 00:17:18.519 | INFO     | __main__:on_message:242 - java.lang.Throwable
	at com.android.org.conscrypt.ConscryptFileDescriptorSocket$SSLInputStream.read(Native Method)
	at com.android.okhttp.okio.Okio$2.read(Okio.java:138)
	at com.android.okhttp.okio.AsyncTimeout$2.read(AsyncTimeout.java:213)
	at com.android.okhttp.okio.RealBufferedSource.indexOf(RealBufferedSource.java:307)
	at com.android.okhttp.okio.RealBufferedSource.indexOf(RealBufferedSource.java:301)
	at com.android.okhttp.okio.RealBufferedSource.readUtf8LineStrict(RealBufferedSource.java:197)
	at com.android.okhttp.internal.http.Http1xStream.readResponse(Http1xStream.java:188)
	at com.android.okhttp.internal.http.Http1xStream.readResponseHeaders(Http1xStream.java:129)
	at com.android.okhttp.internal.http.HttpEngine.readNetworkResponse(HttpEngine.java:750)
	at com.android.okhttp.internal.http.HttpEngine.readResponse(HttpEngine.java:622)
	at com.android.okhttp.internal.huc.HttpURLConnectionImpl.execute(HttpURLConnectionImpl.java:475)
	at com.android.okhttp.internal.huc.HttpURLConnectionImpl.getResponse(HttpURLConnectionImpl.java:411)
	at com.android.okhttp.internal.huc.HttpURLConnectionImpl.getResponseCode(HttpURLConnectionImpl.java:542)
	at com.android.okhttp.internal.huc.DelegatingHttpsURLConnection.getResponseCode(DelegatingHttpsURLConnection.java:106)
	at com.android.okhttp.internal.huc.HttpsURLConnectionImpl.getResponseCode(HttpsURLConnectionImpl.java:30)
	at com.tencent.liteav.base.http.HttpClientAndroid.internalRequest(SourceFile:221)
	at com.tencent.liteav.base.http.HttpClientAndroid.doRequest(SourceFile:5)
	at com.tencent.liteav.base.http.HttpClientAndroid.lambda$send$0(Unknown Source:0)
	at com.tencent.liteav.base.http.a.run(Unknown Source:4)
	at android.os.Handler.handleCallback(Handler.java:883)
	at android.os.Handler.dispatchMessage(Handler.java:100)
	at android.os.Looper.loop(Looper.java:214)
	at android.os.HandlerThread.run(HandlerThread.java:67)

2025-01-23 00:17:20.921 | INFO     | __main__:on_message:232 - SSL Session: 
2025-01-23 00:17:20.922 | INFO     | __main__:on_message:233 - [SSL_write] 192.168.1.106:39446 --> 36.155.166.119:443
2025-01-23 00:17:20.923 | INFO     | __main__:on_message:241 - POST /liteav HTTP/1.1..Accept-Encoding: identity..Connection: Keep-Alive..Content-Type: application/x-www-form-urlencoded..User-Agent: Dalvik/2.1.0 (Linux; U; Android 10; Pixel 4 Build/QQ3A.200805.001)..Host: mlvbdc.live.tlivesource.com..Content-Length: 936.....V...(..................V.C9!.ml........$N..4/.R....P.3.m...>qDXD)J..@6U%jk..#..(aD.... ?..y..8. F..o..7.......1..8.Q.l....R.X.w\...&2}.Q....Y.H.*&f..t.n...a...SJ]L.;>.>...e)#.'.BL**. ......B1Id...8..1....`..n.....g.b.k...[......_t..`.lj....dlz...q.......+...\....<..z......FV:.....C.....b......+._g......!.l. 7".....}......&....P...k]..V.Q..|......oI...2.).....(...1.$"1.m..4J...(...z...n..WV/F....1`?m....r................f.;..... .x..../.pl..8q...=.9..x.*.1..]..........%=..ze..U...F./......G..J...$X...g...Jt].7QnXS......W.3.5z<K.9..#z.......%.^'O.y.e....G.<j.8....k........[.T.n.`.X@.....G.%..v..1.';.@.F.E..N...c.....kQ.P..|.Q..7...;3..+.....Q......].].b..oI{....v......;M.u.`.Mw.\7...p...Jg8Ugg....WJ..8.!.YH....,k.i..o_.......n..]..k7el........$.".....Z;G..k.t.......{............:.z....Y.3v.pBN.9...q.z#*...v...DY.....g..:a.#.....Z..K)&d.l.....vz..#.....85...2....D-^...+tT...U......B.l..M.tU.y...k.}...z.....2f.......[p......o
2025-01-23 00:17:20.923 | INFO     | __main__:on_message:242 - java.lang.Throwable
	at com.android.org.conscrypt.ConscryptFileDescriptorSocket$SSLOutputStream.write(Native Method)
	at com.android.okhttp.okio.Okio$1.write(Okio.java:78)
	at com.android.okhttp.okio.AsyncTimeout$1.write(AsyncTimeout.java:157)
	at com.android.okhttp.okio.RealBufferedSink.flush(RealBufferedSink.java:222)
	at com.android.okhttp.internal.http.Http1xStream.finishRequest(Http1xStream.java:163)
	at com.android.okhttp.internal.http.HttpEngine.readNetworkResponse(HttpEngine.java:748)
	at com.android.okhttp.internal.http.HttpEngine.readResponse(HttpEngine.java:622)
	at com.android.okhttp.internal.huc.HttpURLConnectionImpl.execute(HttpURLConnectionImpl.java:475)
	at com.android.okhttp.internal.huc.HttpURLConnectionImpl.getResponse(HttpURLConnectionImpl.java:411)
	at com.android.okhttp.internal.huc.HttpURLConnectionImpl.getResponseCode(HttpURLConnectionImpl.java:542)
	at com.android.okhttp.internal.huc.DelegatingHttpsURLConnection.getResponseCode(DelegatingHttpsURLConnection.java:106)
	at com.android.okhttp.internal.huc.HttpsURLConnectionImpl.getResponseCode(HttpsURLConnectionImpl.java:30)
	at com.tencent.liteav.base.http.HttpClientAndroid.internalRequest(SourceFile:221)
	at com.tencent.liteav.base.http.HttpClientAndroid.doRequest(SourceFile:5)
	at com.tencent.liteav.base.http.HttpClientAndroid.lambda$send$0(Unknown Source:0)
	at com.tencent.liteav.base.http.a.run(Unknown Source:4)
	at android.os.Handler.handleCallback(Handler.java:883)
	at android.os.Handler.dispatchMessage(Handler.java:100)
	at android.os.Looper.loop(Looper.java:214)
	at android.os.HandlerThread.run(HandlerThread.java:67)

2025-01-23 00:17:21.101 | INFO     | __main__:on_message:232 - SSL Session: D214E1811BB9F5C1DBD7C22FC17F40D36BC1525B867B1F7D0AAB225ED0F947EA
2025-01-23 00:17:21.101 | INFO     | __main__:on_message:233 - [SSL_read] 36.155.166.119:443 --> 192.168.1.106:39446
2025-01-23 00:17:21.101 | INFO     | __main__:on_message:241 - HTTP/1.1 200 OK..Server: nginx..Date: Wed, 22 Jan 2025 16:17:21 GMT..Transfer-Encoding: chunked..Connection: close..Access-Control-Allow-Origin: *..Access-Control-Allow-Headers: Content-Type..Access-Control-Allow-Methods: GET,POST,OPTIONS,DELETE....f3..{"bytes_errinfo":"success","uint32_send_interval":0,"bytes_stream_id":"398883715","int32_is_long_conn":1,"uint32_max_resend_count":5,"uint32_log_flag":0,"uint32_report_duration":10,"uint32_module_id":"1005","int32_result":0,"command":"40102"}...0....
2025-01-23 00:17:21.101 | INFO     | __main__:on_message:242 - java.lang.Throwable
	at com.android.org.conscrypt.ConscryptFileDescriptorSocket$SSLInputStream.read(Native Method)
	at com.android.okhttp.okio.Okio$2.read(Okio.java:138)
	at com.android.okhttp.okio.AsyncTimeout$2.read(AsyncTimeout.java:213)
	at com.android.okhttp.okio.RealBufferedSource.indexOf(RealBufferedSource.java:307)
	at com.android.okhttp.okio.RealBufferedSource.indexOf(RealBufferedSource.java:301)
	at com.android.okhttp.okio.RealBufferedSource.readUtf8LineStrict(RealBufferedSource.java:197)
	at com.android.okhttp.internal.http.Http1xStream.readResponse(Http1xStream.java:188)
	at com.android.okhttp.internal.http.Http1xStream.readResponseHeaders(Http1xStream.java:129)
	at com.android.okhttp.internal.http.HttpEngine.readNetworkResponse(HttpEngine.java:750)
	at com.android.okhttp.internal.http.HttpEngine.readResponse(HttpEngine.java:622)
	at com.android.okhttp.internal.huc.HttpURLConnectionImpl.execute(HttpURLConnectionImpl.java:475)
	at com.android.okhttp.internal.huc.HttpURLConnectionImpl.getResponse(HttpURLConnectionImpl.java:411)
	at com.android.okhttp.internal.huc.HttpURLConnectionImpl.getResponseCode(HttpURLConnectionImpl.java:542)
	at com.android.okhttp.internal.huc.DelegatingHttpsURLConnection.getResponseCode(DelegatingHttpsURLConnection.java:106)
	at com.android.okhttp.internal.huc.HttpsURLConnectionImpl.getResponseCode(HttpsURLConnectionImpl.java:30)
	at com.tencent.liteav.base.http.HttpClientAndroid.internalRequest(SourceFile:221)
	at com.tencent.liteav.base.http.HttpClientAndroid.doRequest(SourceFile:5)
	at com.tencent.liteav.base.http.HttpClientAndroid.lambda$send$0(Unknown Source:0)
	at com.tencent.liteav.base.http.a.run(Unknown Source:4)
	at android.os.Handler.handleCallback(Handler.java:883)
	at android.os.Handler.dispatchMessage(Handler.java:100)
	at android.os.Looper.loop(Looper.java:214)
	at android.os.HandlerThread.run(HandlerThread.java:67)

2025-01-23 00:17:23.271 | INFO     | __main__:on_message:232 - SSL Session: 
2025-01-23 00:17:23.272 | INFO     | __main__:on_message:233 - [SSL_write] 192.168.1.106:39454 --> 36.155.166.119:443
2025-01-23 00:17:23.272 | INFO     | __main__:on_message:241 - POST /liteav HTTP/1.1..Accept-Encoding: identity..Connection: Keep-Alive..Content-Type: application/x-www-form-urlencoded..User-Agent: Dalvik/2.1.0 (Linux; U; Android 10; Pixel 4 Build/QQ3A.200805.001)..Host: mlvbdc.live.tlivesource.com..Content-Length: 701.....T.n.0.....=.....#E..{."dL3....33.(..m`.$9..G..Q.n.=.}..2......D.M.....AN(....N.....xs0....3....l.pp.d;....b.RN...j0>E.I...*...G...."..EYQ...\..`...4J.,$!...H.p..qjEh..$e....T.\J.b.3%#.e.*..T....4UI.a.F+0......vd....{qk.b.4......{.........p`mgs...Kk.~z.0g..q`......6U._E.....{..l}y.?l.N.}:Tp...E......>..%.^...S.<..6.g].....S...9..A.q2.I}.....N.}x... .Y..U=4.........(dF.`,a%.<..L......W....i.%.gd../e....3.1b8<i.4.....!...dq.....,.._...n/9.....X...,.!/.._.&.7!.Ly+.E.*fU "kR.42...s.%t.i.&]Jg.71/............8.7......?.....g..w.M..>..../.......iLCF....^..l.M...H.K.n^.....u........'..Hg...+....Y..=kq...N..N.w..<6.n..B#.!......~[c...1.F....j}.....E..l.rl`>...W.o..:.....w...5...!.|..f.6.|......t.. ...
2025-01-23 00:17:23.273 | INFO     | __main__:on_message:242 - java.lang.Throwable
	at com.android.org.conscrypt.ConscryptFileDescriptorSocket$SSLOutputStream.write(Native Method)
	at com.android.okhttp.okio.Okio$1.write(Okio.java:78)
	at com.android.okhttp.okio.AsyncTimeout$1.write(AsyncTimeout.java:157)
	at com.android.okhttp.okio.RealBufferedSink.flush(RealBufferedSink.java:222)
	at com.android.okhttp.internal.http.Http1xStream.finishRequest(Http1xStream.java:163)
	at com.android.okhttp.internal.http.HttpEngine.readNetworkResponse(HttpEngine.java:748)
	at com.android.okhttp.internal.http.HttpEngine.readResponse(HttpEngine.java:622)
	at com.android.okhttp.internal.huc.HttpURLConnectionImpl.execute(HttpURLConnectionImpl.java:475)
	at com.android.okhttp.internal.huc.HttpURLConnectionImpl.getResponse(HttpURLConnectionImpl.java:411)
	at com.android.okhttp.internal.huc.HttpURLConnectionImpl.getResponseCode(HttpURLConnectionImpl.java:542)
	at com.android.okhttp.internal.huc.DelegatingHttpsURLConnection.getResponseCode(DelegatingHttpsURLConnection.java:106)
	at com.android.okhttp.internal.huc.HttpsURLConnectionImpl.getResponseCode(HttpsURLConnectionImpl.java:30)
	at com.tencent.liteav.base.http.HttpClientAndroid.internalRequest(SourceFile:221)
	at com.tencent.liteav.base.http.HttpClientAndroid.doRequest(SourceFile:5)
	at com.tencent.liteav.base.http.HttpClientAndroid.lambda$send$0(Unknown Source:0)
	at com.tencent.liteav.base.http.a.run(Unknown Source:4)
	at android.os.Handler.handleCallback(Handler.java:883)
	at android.os.Handler.dispatchMessage(Handler.java:100)
	at android.os.Looper.loop(Looper.java:214)
	at android.os.HandlerThread.run(HandlerThread.java:67)

2025-01-23 00:17:23.311 | INFO     | __main__:on_message:232 - SSL Session: 2D45ABDFA8494236D520E3C6F54EEB958B4B178795D7809C62E36DA2F555BD28
2025-01-23 00:17:23.311 | INFO     | __main__:on_message:233 - [SSL_read] 36.155.166.119:443 --> 192.168.1.106:39454
2025-01-23 00:17:23.312 | INFO     | __main__:on_message:241 - HTTP/1.1 200 OK..Server: nginx..Date: Wed, 22 Jan 2025 16:17:23 GMT..Transfer-Encoding: chunked..Connection: close..Access-Control-Allow-Origin: *..Access-Control-Allow-Headers: Content-Type..Access-Control-Allow-Methods: GET,POST,OPTIONS,DELETE....f3..{"bytes_errinfo":"success","uint32_send_interval":0,"bytes_stream_id":"669528141","int32_is_long_conn":1,"uint32_max_resend_count":5,"uint32_log_flag":0,"uint32_report_duration":10,"uint32_module_id":"1005","int32_result":0,"command":"40101"}...0....
2025-01-23 00:17:23.312 | INFO     | __main__:on_message:242 - java.lang.Throwable
	at com.android.org.conscrypt.ConscryptFileDescriptorSocket$SSLInputStream.read(Native Method)
	at com.android.okhttp.okio.Okio$2.read(Okio.java:138)
	at com.android.okhttp.okio.AsyncTimeout$2.read(AsyncTimeout.java:213)
	at com.android.okhttp.okio.RealBufferedSource.indexOf(RealBufferedSource.java:307)
	at com.android.okhttp.okio.RealBufferedSource.indexOf(RealBufferedSource.java:301)
	at com.android.okhttp.okio.RealBufferedSource.readUtf8LineStrict(RealBufferedSource.java:197)
	at com.android.okhttp.internal.http.Http1xStream.readResponse(Http1xStream.java:188)
	at com.android.okhttp.internal.http.Http1xStream.readResponseHeaders(Http1xStream.java:129)
	at com.android.okhttp.internal.http.HttpEngine.readNetworkResponse(HttpEngine.java:750)
	at com.android.okhttp.internal.http.HttpEngine.readResponse(HttpEngine.java:622)
	at com.android.okhttp.internal.huc.HttpURLConnectionImpl.execute(HttpURLConnectionImpl.java:475)
	at com.android.okhttp.internal.huc.HttpURLConnectionImpl.getResponse(HttpURLConnectionImpl.java:411)
	at com.android.okhttp.internal.huc.HttpURLConnectionImpl.getResponseCode(HttpURLConnectionImpl.java:542)
	at com.android.okhttp.internal.huc.DelegatingHttpsURLConnection.getResponseCode(DelegatingHttpsURLConnection.java:106)
	at com.android.okhttp.internal.huc.HttpsURLConnectionImpl.getResponseCode(HttpsURLConnectionImpl.java:30)
	at com.tencent.liteav.base.http.HttpClientAndroid.internalRequest(SourceFile:221)
	at com.tencent.liteav.base.http.HttpClientAndroid.doRequest(SourceFile:5)
	at com.tencent.liteav.base.http.HttpClientAndroid.lambda$send$0(Unknown Source:0)
	at com.tencent.liteav.base.http.a.run(Unknown Source:4)
	at android.os.Handler.handleCallback(Handler.java:883)
	at android.os.Handler.dispatchMessage(Handler.java:100)
	at android.os.Looper.loop(Looper.java:214)
	at android.os.HandlerThread.run(HandlerThread.java:67)

2025-01-23 00:17:23.366 | INFO     | __main__:on_message:232 - SSL Session: 3395CCA2B92B5E31A3BEC06C5ADC5C8EA1EA0753539151E63866BCC81CB84668
2025-01-23 00:17:23.366 | INFO     | __main__:on_message:233 - [SSL_write] 192.168.1.106:39456 --> 36.155.166.119:443
2025-01-23 00:17:23.366 | INFO     | __main__:on_message:241 - POST /liteav HTTP/1.1..Accept-Encoding: identity..Connection: Keep-Alive..Content-Type: application/x-www-form-urlencoded..User-Agent: Dalvik/2.1.0 (Linux; U; Android 10; Pixel 4 Build/QQ3A.200805.001)..Host: mlvbdc.live.tlivesource.com..Content-Length: 1013.....W]..:..+W<..].6.......{UY.1.....d.U.{.....I..$b..x<sf0?#.u...+NH.P.8..T[...#E.....NF._.F...{.1?...!.....;.e.\E...d......n..Y....Y.%~../.eV"x..|...T....moZ...8.Q.)...B..0....i.f.c^"...J).S.(.H*.L..u))N(.2..9x.h.?......&.......4 ..w].C'L[.Z..B.i-._.....{.t..<..^..l...d.........{Hv\}.w..+.{...Um6..6.{.....>...n,.`+Xg]......L.i..u;.a..........4..;......41D.R..~9...P./\.HrBRR N..r.U.."..*....N.......P.^[...2.VX].N._.Z'dU.y...........l......M..=.g..AW0gj-.........@H....9p.S=K.G..y.....?....L..t..1[(..L).v:..J.[....VJS],\`W.O...d....X..m..>.le/M#+Q.}/.t.b.w...r..U...lMs...JC....O~.....A].Q.......{....<HN>.~....=N.$|...l<...|/y..Mj.I.b......._.d.vZVn.%H.W...:..gg...a..s..7..d.pl.Y...Y.M.@j.......V...D.i..z...r0.^............x6/..OSv......"..N..2...,;.2..|..!.....rW..8.(LY.......(...fsN.[V..}.....%<.....1.'........^.%6.O.vz}|...c/1{.1]s`..!....k.j#........?.....8.:..3......~...\>V.JZ...*@e.;w...5jv.....$.!.+.....,... ...d2..........'.r..w.'.ag..........X..P....!v....lm.....K...........&&d.-.....oO....?%~..
2025-01-23 00:17:23.366 | INFO     | __main__:on_message:242 - java.lang.Throwable
	at com.android.org.conscrypt.ConscryptFileDescriptorSocket$SSLOutputStream.write(Native Method)
	at com.android.okhttp.okio.Okio$1.write(Okio.java:78)
	at com.android.okhttp.okio.AsyncTimeout$1.write(AsyncTimeout.java:157)
	at com.android.okhttp.okio.RealBufferedSink.flush(RealBufferedSink.java:222)
	at com.android.okhttp.internal.http.Http1xStream.finishRequest(Http1xStream.java:163)
	at com.android.okhttp.internal.http.HttpEngine.readNetworkResponse(HttpEngine.java:748)
	at com.android.okhttp.internal.http.HttpEngine.readResponse(HttpEngine.java:622)
	at com.android.okhttp.internal.huc.HttpURLConnectionImpl.execute(HttpURLConnectionImpl.java:475)
	at com.android.okhttp.internal.huc.HttpURLConnectionImpl.getResponse(HttpURLConnectionImpl.java:411)
	at com.android.okhttp.internal.huc.HttpURLConnectionImpl.getResponseCode(HttpURLConnectionImpl.java:542)
	at com.android.okhttp.internal.huc.DelegatingHttpsURLConnection.getResponseCode(DelegatingHttpsURLConnection.java:106)
	at com.android.okhttp.internal.huc.HttpsURLConnectionImpl.getResponseCode(HttpsURLConnectionImpl.java:30)
	at com.tencent.liteav.base.http.HttpClientAndroid.internalRequest(SourceFile:221)
	at com.tencent.liteav.base.http.HttpClientAndroid.doRequest(SourceFile:5)
	at com.tencent.liteav.base.http.HttpClientAndroid.lambda$send$0(Unknown Source:0)
	at com.tencent.liteav.base.http.a.run(Unknown Source:4)
	at android.os.Handler.handleCallback(Handler.java:883)
	at android.os.Handler.dispatchMessage(Handler.java:100)
	at android.os.Looper.loop(Looper.java:214)
	at android.os.HandlerThread.run(HandlerThread.java:67)

2025-01-23 00:17:23.408 | INFO     | __main__:on_message:232 - SSL Session: 3395CCA2B92B5E31A3BEC06C5ADC5C8EA1EA0753539151E63866BCC81CB84668
2025-01-23 00:17:23.408 | INFO     | __main__:on_message:233 - [SSL_read] 36.155.166.119:443 --> 192.168.1.106:39456
2025-01-23 00:17:23.409 | INFO     | __main__:on_message:241 - HTTP/1.1 200 OK..Server: nginx..Date: Wed, 22 Jan 2025 16:17:23 GMT..Transfer-Encoding: chunked..Connection: close..Access-Control-Allow-Origin: *..Access-Control-Allow-Headers: Content-Type..Access-Control-Allow-Methods: GET,POST,OPTIONS,DELETE....f3..{"bytes_errinfo":"success","uint32_send_interval":0,"bytes_stream_id":"669528141","int32_is_long_conn":1,"uint32_max_resend_count":5,"uint32_log_flag":0,"uint32_report_duration":10,"uint32_module_id":"1005","int32_result":0,"command":"40100"}...0....
2025-01-23 00:17:23.409 | INFO     | __main__:on_message:242 - java.lang.Throwable
	at com.android.org.conscrypt.ConscryptFileDescriptorSocket$SSLInputStream.read(Native Method)
	at com.android.okhttp.okio.Okio$2.read(Okio.java:138)
	at com.android.okhttp.okio.AsyncTimeout$2.read(AsyncTimeout.java:213)
	at com.android.okhttp.okio.RealBufferedSource.indexOf(RealBufferedSource.java:307)
	at com.android.okhttp.okio.RealBufferedSource.indexOf(RealBufferedSource.java:301)
	at com.android.okhttp.okio.RealBufferedSource.readUtf8LineStrict(RealBufferedSource.java:197)
	at com.android.okhttp.internal.http.Http1xStream.readResponse(Http1xStream.java:188)
	at com.android.okhttp.internal.http.Http1xStream.readResponseHeaders(Http1xStream.java:129)
	at com.android.okhttp.internal.http.HttpEngine.readNetworkResponse(HttpEngine.java:750)
	at com.android.okhttp.internal.http.HttpEngine.readResponse(HttpEngine.java:622)
	at com.android.okhttp.internal.huc.HttpURLConnectionImpl.execute(HttpURLConnectionImpl.java:475)
	at com.android.okhttp.internal.huc.HttpURLConnectionImpl.getResponse(HttpURLConnectionImpl.java:411)
	at com.android.okhttp.internal.huc.HttpURLConnectionImpl.getResponseCode(HttpURLConnectionImpl.java:542)
	at com.android.okhttp.internal.huc.DelegatingHttpsURLConnection.getResponseCode(DelegatingHttpsURLConnection.java:106)
	at com.android.okhttp.internal.huc.HttpsURLConnectionImpl.getResponseCode(HttpsURLConnectionImpl.java:30)
	at com.tencent.liteav.base.http.HttpClientAndroid.internalRequest(SourceFile:221)
	at com.tencent.liteav.base.http.HttpClientAndroid.doRequest(SourceFile:5)
	at com.tencent.liteav.base.http.HttpClientAndroid.lambda$send$0(Unknown Source:0)
	at com.tencent.liteav.base.http.a.run(Unknown Source:4)
	at android.os.Handler.handleCallback(Handler.java:883)
	at android.os.Handler.dispatchMessage(Handler.java:100)
	at android.os.Looper.loop(Looper.java:214)
	at android.os.HandlerThread.run(HandlerThread.java:67)

2025-01-23 00:17:23.505 | INFO     | __main__:on_message:232 - SSL Session: 
2025-01-23 00:17:23.505 | INFO     | __main__:on_message:233 - [SSL_write] 192.168.1.106:39464 --> 36.155.166.119:443
2025-01-23 00:17:23.505 | INFO     | __main__:on_message:241 - POST /liteav HTTP/1.1..Accept-Encoding: identity..Connection: Keep-Alive..Content-Type: application/x-www-form-urlencoded..User-Agent: Dalvik/2.1.0 (Linux; U; Android 10; Pixel 4 Build/QQ3A.200805.001)..Host: mlvbdc.live.tlivesource.com..Content-Length: 938.....V...8.......M.....h~a.W+.."..\.L.........$.H...:......+PM#M.......D..@.e.*4rB.{.r.T.... .t.....=.....L.....!T .*f).tF].....<....N...#Q... ...VY...0;...L..(.W!.).<F8....!..+.&).T...:.J)...i.)..T3-.P.F...N..F.j._.)E......F.t.. ......'..N..rP9.&c.IS....L.F..Z..T..`KC.......C.V?ui2..L..:_...'.4..m.[.~.+.....>.yb.M..Y..a......d.$.p...N...B.......;.}..oB....%,'.Gq...{%8!.u..v.h.%.........V....j.Zq.......5u...v.v.1....2....V..F...3C..A.HA.N./.H.*'.......1..d.,.3..}.......1S.Kz......U.r.u..P.~.O..]`.:..4.\..9h+T....*..k..c..}.Y..~....xL...=I.NJzL.$.>O.4.....x.=j.^...p&-S......9A.uKe..w...Z.......P..H..>Lu~..Z..8%N....... ...QU...g:...vN...g..=q.l......cf.."q..U..a...5.v......?M.uT..u{.\..._.......Q..;?.})..iLCFW!;v.k..5.L.......w....i#t9'.%..Q............7`...HYz.X...z...t/t;r.&w..&l..>.yT#6.$....8..........9U.-..s,.^.1.....gk..........*..V.DL.........4F....U.S..d.2.N..../..<(tT...e.....-!.l.....2x?....'.....4.w......Oe...%..x.Q...
2025-01-23 00:17:23.505 | INFO     | __main__:on_message:242 - java.lang.Throwable
	at com.android.org.conscrypt.ConscryptFileDescriptorSocket$SSLOutputStream.write(Native Method)
	at com.android.okhttp.okio.Okio$1.write(Okio.java:78)
	at com.android.okhttp.okio.AsyncTimeout$1.write(AsyncTimeout.java:157)
	at com.android.okhttp.okio.RealBufferedSink.flush(RealBufferedSink.java:222)
	at com.android.okhttp.internal.http.Http1xStream.finishRequest(Http1xStream.java:163)
	at com.android.okhttp.internal.http.HttpEngine.readNetworkResponse(HttpEngine.java:748)
	at com.android.okhttp.internal.http.HttpEngine.readResponse(HttpEngine.java:622)
	at com.android.okhttp.internal.huc.HttpURLConnectionImpl.execute(HttpURLConnectionImpl.java:475)
	at com.android.okhttp.internal.huc.HttpURLConnectionImpl.getResponse(HttpURLConnectionImpl.java:411)
	at com.android.okhttp.internal.huc.HttpURLConnectionImpl.getResponseCode(HttpURLConnectionImpl.java:542)
	at com.android.okhttp.internal.huc.DelegatingHttpsURLConnection.getResponseCode(DelegatingHttpsURLConnection.java:106)
	at com.android.okhttp.internal.huc.HttpsURLConnectionImpl.getResponseCode(HttpsURLConnectionImpl.java:30)
	at com.tencent.liteav.base.http.HttpClientAndroid.internalRequest(SourceFile:221)
	at com.tencent.liteav.base.http.HttpClientAndroid.doRequest(SourceFile:5)
	at com.tencent.liteav.base.http.HttpClientAndroid.lambda$send$0(Unknown Source:0)
	at com.tencent.liteav.base.http.a.run(Unknown Source:4)
	at android.os.Handler.handleCallback(Handler.java:883)
	at android.os.Handler.dispatchMessage(Handler.java:100)
	at android.os.Looper.loop(Looper.java:214)
	at android.os.HandlerThread.run(HandlerThread.java:67)

2025-01-23 00:17:23.548 | INFO     | __main__:on_message:232 - SSL Session: DE8BA5A5E6E29FF115E8105676F08278BD0793801E32F6644D80A054B947FE22
2025-01-23 00:17:23.548 | INFO     | __main__:on_message:233 - [SSL_read] 36.155.166.119:443 --> 192.168.1.106:39464
2025-01-23 00:17:23.548 | INFO     | __main__:on_message:241 - HTTP/1.1 200 OK..Server: nginx..Date: Wed, 22 Jan 2025 16:17:23 GMT..Transfer-Encoding: chunked..Connection: close..Access-Control-Allow-Origin: *..Access-Control-Allow-Headers: Content-Type..Access-Control-Allow-Methods: GET,POST,OPTIONS,DELETE....f3..{"bytes_errinfo":"success","uint32_send_interval":0,"bytes_stream_id":"669528141","int32_is_long_conn":1,"uint32_max_resend_count":5,"uint32_log_flag":0,"uint32_report_duration":10,"uint32_module_id":"1005","int32_result":0,"command":"40102"}...0....
2025-01-23 00:17:23.548 | INFO     | __main__:on_message:242 - java.lang.Throwable
	at com.android.org.conscrypt.ConscryptFileDescriptorSocket$SSLInputStream.read(Native Method)
	at com.android.okhttp.okio.Okio$2.read(Okio.java:138)
	at com.android.okhttp.okio.AsyncTimeout$2.read(AsyncTimeout.java:213)
	at com.android.okhttp.okio.RealBufferedSource.indexOf(RealBufferedSource.java:307)
	at com.android.okhttp.okio.RealBufferedSource.indexOf(RealBufferedSource.java:301)
	at com.android.okhttp.okio.RealBufferedSource.readUtf8LineStrict(RealBufferedSource.java:197)
	at com.android.okhttp.internal.http.Http1xStream.readResponse(Http1xStream.java:188)
	at com.android.okhttp.internal.http.Http1xStream.readResponseHeaders(Http1xStream.java:129)
	at com.android.okhttp.internal.http.HttpEngine.readNetworkResponse(HttpEngine.java:750)
	at com.android.okhttp.internal.http.HttpEngine.readResponse(HttpEngine.java:622)
	at com.android.okhttp.internal.huc.HttpURLConnectionImpl.execute(HttpURLConnectionImpl.java:475)
	at com.android.okhttp.internal.huc.HttpURLConnectionImpl.getResponse(HttpURLConnectionImpl.java:411)
	at com.android.okhttp.internal.huc.HttpURLConnectionImpl.getResponseCode(HttpURLConnectionImpl.java:542)
	at com.android.okhttp.internal.huc.DelegatingHttpsURLConnection.getResponseCode(DelegatingHttpsURLConnection.java:106)
	at com.android.okhttp.internal.huc.HttpsURLConnectionImpl.getResponseCode(HttpsURLConnectionImpl.java:30)
	at com.tencent.liteav.base.http.HttpClientAndroid.internalRequest(SourceFile:221)
	at com.tencent.liteav.base.http.HttpClientAndroid.doRequest(SourceFile:5)
	at com.tencent.liteav.base.http.HttpClientAndroid.lambda$send$0(Unknown Source:0)
	at com.tencent.liteav.base.http.a.run(Unknown Source:4)
	at android.os.Handler.handleCallback(Handler.java:883)
	at android.os.Handler.dispatchMessage(Handler.java:100)
	at android.os.Looper.loop(Looper.java:214)
	at android.os.HandlerThread.run(HandlerThread.java:67)

2025-01-23 00:17:25.479 | INFO     | __main__:on_message:232 - SSL Session: 
2025-01-23 00:17:25.480 | INFO     | __main__:on_message:233 - [SSL_write] 192.168.1.106:39470 --> 36.155.166.119:443
2025-01-23 00:17:25.481 | INFO     | __main__:on_message:241 - POST /liteav HTTP/1.1..Accept-Encoding: identity..Connection: Keep-Alive..Content-Type: application/x-www-form-urlencoded..User-Agent: Dalvik/2.1.0 (Linux; U; Android 10; Pixel 4 Build/QQ3A.200805.001)..Host: mlvbdc.live.tlivesource.com..Content-Length: 705.....T...8...@..l._.(......@....3...... ...${.d..rTU?....Q.ij.....A.C.....Q..2....ZFY...(.K..v...QT..b..!z..R.......olt.`s...A..kD..u..;-..Q.a..Z.....>...0.....1.i.o.</..n............T."JR....(..d.2,...&U.....U..^....I...xo*RGQ.L..2.x. 1..3.........ih........c.m............m.$..<Bk...'...rz6.....Q...tp.....Y....:...#....|....Ssyit3E..%j[.H.....3..2..+....gce..=....n..g............Z#%%..R....|._pMk....&g......LI......d..v.U1Y..@.h.c..7^.p.......[9k....Q...."... .....+..b..T.y .J.?.>.~3.\..e......b^L.w....fj.y.f..l.1...3.|.......c_...B<9....ir:.%.pIpS....9Z9l...6.&Dl..|.......ir>f.!../...E....$(_.G{...s...08..:=....s~.a<Gp..L......'<.%[.gl\...2np>...wptz.`=..U7|.d......a..t`n.IM:F....Y.-&....mW........
2025-01-23 00:17:25.482 | INFO     | __main__:on_message:242 - java.lang.Throwable
	at com.android.org.conscrypt.ConscryptFileDescriptorSocket$SSLOutputStream.write(Native Method)
	at com.android.okhttp.okio.Okio$1.write(Okio.java:78)
	at com.android.okhttp.okio.AsyncTimeout$1.write(AsyncTimeout.java:157)
	at com.android.okhttp.okio.RealBufferedSink.flush(RealBufferedSink.java:222)
	at com.android.okhttp.internal.http.Http1xStream.finishRequest(Http1xStream.java:163)
	at com.android.okhttp.internal.http.HttpEngine.readNetworkResponse(HttpEngine.java:748)
	at com.android.okhttp.internal.http.HttpEngine.readResponse(HttpEngine.java:622)
	at com.android.okhttp.internal.huc.HttpURLConnectionImpl.execute(HttpURLConnectionImpl.java:475)
	at com.android.okhttp.internal.huc.HttpURLConnectionImpl.getResponse(HttpURLConnectionImpl.java:411)
	at com.android.okhttp.internal.huc.HttpURLConnectionImpl.getResponseCode(HttpURLConnectionImpl.java:542)
	at com.android.okhttp.internal.huc.DelegatingHttpsURLConnection.getResponseCode(DelegatingHttpsURLConnection.java:106)
	at com.android.okhttp.internal.huc.HttpsURLConnectionImpl.getResponseCode(HttpsURLConnectionImpl.java:30)
	at com.tencent.liteav.base.http.HttpClientAndroid.internalRequest(SourceFile:221)
	at com.tencent.liteav.base.http.HttpClientAndroid.doRequest(SourceFile:5)
	at com.tencent.liteav.base.http.HttpClientAndroid.lambda$send$0(Unknown Source:0)
	at com.tencent.liteav.base.http.a.run(Unknown Source:4)
	at android.os.Handler.handleCallback(Handler.java:883)
	at android.os.Handler.dispatchMessage(Handler.java:100)
	at android.os.Looper.loop(Looper.java:214)
	at android.os.HandlerThread.run(HandlerThread.java:67)

2025-01-23 00:17:25.522 | INFO     | __main__:on_message:232 - SSL Session: C30FFB717064C4E388567B0E93C6863E94944FFFB068629A0274CF54C1FD8D9E
2025-01-23 00:17:25.523 | INFO     | __main__:on_message:233 - [SSL_read] 36.155.166.119:443 --> 192.168.1.106:39470
2025-01-23 00:17:25.523 | INFO     | __main__:on_message:241 - HTTP/1.1 200 OK..Server: nginx..Date: Wed, 22 Jan 2025 16:17:25 GMT..Transfer-Encoding: chunked..Connection: close..Access-Control-Allow-Origin: *..Access-Control-Allow-Headers: Content-Type..Access-Control-Allow-Methods: GET,POST,OPTIONS,DELETE....f3..{"bytes_errinfo":"success","uint32_send_interval":0,"bytes_stream_id":"624071281","int32_is_long_conn":1,"uint32_max_resend_count":5,"uint32_log_flag":0,"uint32_report_duration":10,"uint32_module_id":"1005","int32_result":0,"command":"40101"}...0....
2025-01-23 00:17:25.523 | INFO     | __main__:on_message:242 - java.lang.Throwable
	at com.android.org.conscrypt.ConscryptFileDescriptorSocket$SSLInputStream.read(Native Method)
	at com.android.okhttp.okio.Okio$2.read(Okio.java:138)
	at com.android.okhttp.okio.AsyncTimeout$2.read(AsyncTimeout.java:213)
	at com.android.okhttp.okio.RealBufferedSource.indexOf(RealBufferedSource.java:307)
	at com.android.okhttp.okio.RealBufferedSource.indexOf(RealBufferedSource.java:301)
	at com.android.okhttp.okio.RealBufferedSource.readUtf8LineStrict(RealBufferedSource.java:197)
	at com.android.okhttp.internal.http.Http1xStream.readResponse(Http1xStream.java:188)
	at com.android.okhttp.internal.http.Http1xStream.readResponseHeaders(Http1xStream.java:129)
	at com.android.okhttp.internal.http.HttpEngine.readNetworkResponse(HttpEngine.java:750)
	at com.android.okhttp.internal.http.HttpEngine.readResponse(HttpEngine.java:622)
	at com.android.okhttp.internal.huc.HttpURLConnectionImpl.execute(HttpURLConnectionImpl.java:475)
	at com.android.okhttp.internal.huc.HttpURLConnectionImpl.getResponse(HttpURLConnectionImpl.java:411)
	at com.android.okhttp.internal.huc.HttpURLConnectionImpl.getResponseCode(HttpURLConnectionImpl.java:542)
	at com.android.okhttp.internal.huc.DelegatingHttpsURLConnection.getResponseCode(DelegatingHttpsURLConnection.java:106)
	at com.android.okhttp.internal.huc.HttpsURLConnectionImpl.getResponseCode(HttpsURLConnectionImpl.java:30)
	at com.tencent.liteav.base.http.HttpClientAndroid.internalRequest(SourceFile:221)
	at com.tencent.liteav.base.http.HttpClientAndroid.doRequest(SourceFile:5)
	at com.tencent.liteav.base.http.HttpClientAndroid.lambda$send$0(Unknown Source:0)
	at com.tencent.liteav.base.http.a.run(Unknown Source:4)
	at android.os.Handler.handleCallback(Handler.java:883)
	at android.os.Handler.dispatchMessage(Handler.java:100)
	at android.os.Looper.loop(Looper.java:214)
	at android.os.HandlerThread.run(HandlerThread.java:67)

2025-01-23 00:17:25.590 | INFO     | __main__:on_message:232 - SSL Session: 
2025-01-23 00:17:25.591 | INFO     | __main__:on_message:233 - [SSL_write] 192.168.1.106:39474 --> 36.155.166.119:443
2025-01-23 00:17:25.592 | INFO     | __main__:on_message:241 - POST /liteav HTTP/1.1..Accept-Encoding: identity..Connection: Keep-Alive..Content-Type: application/x-www-form-urlencoded..User-Agent: Dalvik/2.1.0 (Linux; U; Android 10; Pixel 4 Build/QQ3A.200805.001)..Host: mlvbdc.live.tlivesource.com..Content-Length: 936.....V...8.......M.....h.a.W+..E..`.L.3.....:!I'..t.uN]\u\.g$..k......R../.4u-.g..#..)aE.....8Z.y..x.h...^&co;.u........g..-4..T....f(a....k..z.%...<.r5;.....n..y.bL)................!&..B..\.).A.b...JAqB1c2.r..U...?S0..M...%p{l.!...T.......4.....hz....J.dj...5.F.>.ki\......p...C.......C.....d........_g....-?~.*o.L..UM.#..Y...@|...:......F....J..m..?aZ.0b(...eI....B.....HK ..o8K....&S9C......f..bE.;.......rQUc...p1(mxQ..u...0......{.G<Eu....8vJG.......1....Y.g>&.pc.Oq..13.Gz.+..)..N).F./......G..Z...$8...g.k.JtS.WQ.XS...........}5K.19.#y..|*.19H.=O.4...B7.e.Z...q..IK7..Mu....[.T.n}g.8@.......9..n..5.6;>C*#."N..Uw...$$.."7.i.:.....]oy...g*..8.6bzD..4.&D......S..%....n.....EW.mZ....7..sc..`..A?T...v...._J..x.c....'..X....Lh_...f...3...5./1..d.....p#...f....&...K..../.5#(.B.#g......`O.$.Q....Z..k}c|..`.....[Q...o.*uBLs..X.U.V5t..'.........1z.|h...E...4Ff..V.8..O./.......m:..>G1..X.5T0>o.Z.v.........^...7......e<!c.P.g......2.~....
2025-01-23 00:17:25.592 | INFO     | __main__:on_message:242 - java.lang.Throwable
	at com.android.org.conscrypt.ConscryptFileDescriptorSocket$SSLOutputStream.write(Native Method)
	at com.android.okhttp.okio.Okio$1.write(Okio.java:78)
	at com.android.okhttp.okio.AsyncTimeout$1.write(AsyncTimeout.java:157)
	at com.android.okhttp.okio.RealBufferedSink.flush(RealBufferedSink.java:222)
	at com.android.okhttp.internal.http.Http1xStream.finishRequest(Http1xStream.java:163)
	at com.android.okhttp.internal.http.HttpEngine.readNetworkResponse(HttpEngine.java:748)
	at com.android.okhttp.internal.http.HttpEngine.readResponse(HttpEngine.java:622)
	at com.android.okhttp.internal.huc.HttpURLConnectionImpl.execute(HttpURLConnectionImpl.java:475)
	at com.android.okhttp.internal.huc.HttpURLConnectionImpl.getResponse(HttpURLConnectionImpl.java:411)
	at com.android.okhttp.internal.huc.HttpURLConnectionImpl.getResponseCode(HttpURLConnectionImpl.java:542)
	at com.android.okhttp.internal.huc.DelegatingHttpsURLConnection.getResponseCode(DelegatingHttpsURLConnection.java:106)
	at com.android.okhttp.internal.huc.HttpsURLConnectionImpl.getResponseCode(HttpsURLConnectionImpl.java:30)
	at com.tencent.liteav.base.http.HttpClientAndroid.internalRequest(SourceFile:221)
	at com.tencent.liteav.base.http.HttpClientAndroid.doRequest(SourceFile:5)
	at com.tencent.liteav.base.http.HttpClientAndroid.lambda$send$0(Unknown Source:0)
	at com.tencent.liteav.base.http.a.run(Unknown Source:4)
	at android.os.Handler.handleCallback(Handler.java:883)
	at android.os.Handler.dispatchMessage(Handler.java:100)
	at android.os.Looper.loop(Looper.java:214)
	at android.os.HandlerThread.run(HandlerThread.java:67)

2025-01-23 00:17:25.637 | INFO     | __main__:on_message:232 - SSL Session: 348E0FA5F71E49259C4AD4B6FD241E21DA685B9A06E95C6247F835A3F8964433
2025-01-23 00:17:25.638 | INFO     | __main__:on_message:233 - [SSL_read] 36.155.166.119:443 --> 192.168.1.106:39474
2025-01-23 00:17:25.639 | INFO     | __main__:on_message:241 - HTTP/1.1 200 OK..Server: nginx..Date: Wed, 22 Jan 2025 16:17:25 GMT..Transfer-Encoding: chunked..Connection: close..Access-Control-Allow-Origin: *..Access-Control-Allow-Headers: Content-Type..Access-Control-Allow-Methods: GET,POST,OPTIONS,DELETE....f3..{"bytes_errinfo":"success","uint32_send_interval":0,"bytes_stream_id":"624071281","int32_is_long_conn":1,"uint32_max_resend_count":5,"uint32_log_flag":0,"uint32_report_duration":10,"uint32_module_id":"1005","int32_result":0,"command":"40102"}...0....
2025-01-23 00:17:25.639 | INFO     | __main__:on_message:242 - java.lang.Throwable
	at com.android.org.conscrypt.ConscryptFileDescriptorSocket$SSLInputStream.read(Native Method)
	at com.android.okhttp.okio.Okio$2.read(Okio.java:138)
	at com.android.okhttp.okio.AsyncTimeout$2.read(AsyncTimeout.java:213)
	at com.android.okhttp.okio.RealBufferedSource.indexOf(RealBufferedSource.java:307)
	at com.android.okhttp.okio.RealBufferedSource.indexOf(RealBufferedSource.java:301)
	at com.android.okhttp.okio.RealBufferedSource.readUtf8LineStrict(RealBufferedSource.java:197)
	at com.android.okhttp.internal.http.Http1xStream.readResponse(Http1xStream.java:188)
	at com.android.okhttp.internal.http.Http1xStream.readResponseHeaders(Http1xStream.java:129)
	at com.android.okhttp.internal.http.HttpEngine.readNetworkResponse(HttpEngine.java:750)
	at com.android.okhttp.internal.http.HttpEngine.readResponse(HttpEngine.java:622)
	at com.android.okhttp.internal.huc.HttpURLConnectionImpl.execute(HttpURLConnectionImpl.java:475)
	at com.android.okhttp.internal.huc.HttpURLConnectionImpl.getResponse(HttpURLConnectionImpl.java:411)
	at com.android.okhttp.internal.huc.HttpURLConnectionImpl.getResponseCode(HttpURLConnectionImpl.java:542)
	at com.android.okhttp.internal.huc.DelegatingHttpsURLConnection.getResponseCode(DelegatingHttpsURLConnection.java:106)
	at com.android.okhttp.internal.huc.HttpsURLConnectionImpl.getResponseCode(HttpsURLConnectionImpl.java:30)
	at com.tencent.liteav.base.http.HttpClientAndroid.internalRequest(SourceFile:221)
	at com.tencent.liteav.base.http.HttpClientAndroid.doRequest(SourceFile:5)
	at com.tencent.liteav.base.http.HttpClientAndroid.lambda$send$0(Unknown Source:0)
	at com.tencent.liteav.base.http.a.run(Unknown Source:4)
	at android.os.Handler.handleCallback(Handler.java:883)
	at android.os.Handler.dispatchMessage(Handler.java:100)
	at android.os.Looper.loop(Looper.java:214)
	at android.os.HandlerThread.run(HandlerThread.java:67)

